[Fri 11 21 19:47:26 2014]	maps:Warning	MapWebModule->getCurrentFeed@246	/map/	Warning: unable to find feed data for feed 
[Fri 11 21 19:47:26 2014]	maps:Warning	MapWebModule->getCurrentFeed@246	/map/	Warning: unable to find feed data for feed 
[Fri 11 21 19:47:47 2014]	exception:Alert	include@19	/people/	A KurogoException has occured: LDAP PHP extension is not installed
[Sat 11 22 01:28:54 2014]	exception:Alert	include@19	/people/	A KurogoException has occured: LDAP PHP extension is not installed
[Sat 11 22 01:34:23 2014]	url_retriever:Warning	URLDataRetriever->retrieveResponse@508	/home/pane?id=social&ajax=1	Gone for https://api.twitter.com/1/statuses/user_timeline.json?screen_name=kurogofwk&trim_user=1
[Sat 11 22 01:58:54 2014]	url_retriever:Warning	URLDataRetriever->retrieveResponse@508	/social/	Gone for https://api.twitter.com/1/statuses/user_timeline.json?screen_name=kurogofwk&trim_user=1
[Sat 11 22 15:30:51 2014]	url_retriever:Warning	URLDataRetriever->retrieveResponse@508	/home/pane?id=social&ajax=1	Gone for https://api.twitter.com/1/statuses/user_timeline.json?screen_name=kurogofwk&trim_user=1
[Sat 11 22 15:31:17 2014]	url_retriever:Warning	URLDataRetriever->retrieveResponse@508	/home/pane?id=social&ajax=1	Gone for https://api.twitter.com/1/statuses/user_timeline.json?screen_name=kurogofwk&trim_user=1
[Sat 11 22 15:33:13 2014]	url_retriever:Warning	URLDataRetriever->retrieveResponse@508	/home/pane?id=social&ajax=1	Gone for https://api.twitter.com/1/statuses/user_timeline.json?screen_name=kurogofwk&trim_user=1
[Sat 11 22 15:48:28 2014]	maps:Warning	MapWebModule->getCurrentFeed@246	/map/index?group=campus&_b=%5B%7B%22t%22%3A%22Map%22%2C%22lt%22%3A%22Map%22%2C%22p%22%3A%22index%22%2C%22a%22%3A%22%22%7D%5D	Warning: unable to find feed data for feed 
[Sat 11 22 15:48:28 2014]	maps:Warning	MapWebModule->getCurrentFeed@246	/map/index?group=campus&_b=%5B%7B%22t%22%3A%22Map%22%2C%22lt%22%3A%22Map%22%2C%22p%22%3A%22index%22%2C%22a%22%3A%22%22%7D%5D	Warning: unable to find feed data for feed 
[Sat 11 22 15:48:36 2014]	url_retriever:Warning	URLDataRetriever->retrieveResponse@508	/home/pane?id=social&ajax=1	Gone for https://api.twitter.com/1/statuses/user_timeline.json?screen_name=kurogofwk&trim_user=1
[Sat 11 22 16:33:37 2014]	url_retriever:Warning	URLDataRetriever->retrieveResponse@508	/home/pane?id=social&ajax=1	Gone for https://api.twitter.com/1/statuses/user_timeline.json?screen_name=kurogofwk&trim_user=1
[Sat 11 22 16:49:29 2014]	url_retriever:Warning	URLDataRetriever->retrieveResponse@508	/home/pane?id=social&ajax=1	Gone for https://api.twitter.com/1/statuses/user_timeline.json?screen_name=kurogofwk&trim_user=1
[Sat 11 22 17:12:23 2014]	url_retriever:Warning	URLDataRetriever->retrieveResponse@508	/home/pane?id=social&ajax=1	Gone for https://api.twitter.com/1/statuses/user_timeline.json?screen_name=kurogofwk&trim_user=1
[Sat 11 22 17:12:59 2014]	url_retriever:Warning	URLDataRetriever->retrieveResponse@508	/home/pane?id=social&ajax=1	Gone for https://api.twitter.com/1/statuses/user_timeline.json?screen_name=kurogofwk&trim_user=1
[Sat 11 22 17:14:05 2014]	url_retriever:Warning	URLDataRetriever->retrieveResponse@508	/home/pane?id=social&ajax=1	Gone for https://api.twitter.com/1/statuses/user_timeline.json?screen_name=kurogofwk&trim_user=1
[Sat 11 22 17:15:41 2014]	url_retriever:Warning	URLDataRetriever->retrieveResponse@508	/home/pane?id=social&ajax=1	Gone for https://api.twitter.com/1/statuses/user_timeline.json?screen_name=kurogofwk&trim_user=1
[Sat 11 22 17:17:06 2014]	url_retriever:Warning	URLDataRetriever->retrieveResponse@508	/home/pane?id=social&ajax=1	Gone for https://api.twitter.com/1/statuses/user_timeline.json?screen_name=kurogofwk&trim_user=1
[Sat 11 22 17:17:08 2014]	url_retriever:Warning	URLDataRetriever->retrieveResponse@508	/home/pane?id=social&ajax=1	Gone for https://api.twitter.com/1/statuses/user_timeline.json?screen_name=kurogofwk&trim_user=1
[Sat 11 22 17:17:10 2014]	url_retriever:Warning	URLDataRetriever->retrieveResponse@508	/home/pane?id=social&ajax=1	Gone for https://api.twitter.com/1/statuses/user_timeline.json?screen_name=kurogofwk&trim_user=1
[Sat 11 22 17:17:11 2014]	exception:Alert	include@19	/people/	A KurogoException has occured: LDAP PHP extension is not installed
[Sat 11 22 17:17:39 2014]	url_retriever:Warning	URLDataRetriever->retrieveResponse@508	/home/pane?id=social&ajax=1	Gone for https://api.twitter.com/1/statuses/user_timeline.json?screen_name=kurogofwk&trim_user=1
[Sat 11 22 17:18:02 2014]	url_retriever:Warning	URLDataRetriever->retrieveResponse@508	/home/pane?id=social&ajax=1	Gone for https://api.twitter.com/1/statuses/user_timeline.json?screen_name=kurogofwk&trim_user=1
[Sat 11 22 17:18:09 2014]	exception:Alert	include@19	/people/	A KurogoException has occured: LDAP PHP extension is not installed
[Sat 11 22 17:36:59 2014]	url_retriever:Warning	URLDataRetriever->retrieveResponse@508	/social/	Gone for https://api.twitter.com/1/statuses/user_timeline.json?screen_name=kurogofwk&trim_user=1
[Sat 11 22 17:37:19 2014]	exception:Alert	include@19	/people/	A KurogoException has occured: LDAP PHP extension is not installed
[Sat 11 22 17:37:37 2014]	exception:Alert	include@19	/people/index	A KurogoException has occured: LDAP PHP extension is not installed
[Wed 11 26 13:33:52 2014]	url_retriever:Warning	URLDataRetriever->retrieveResponse@508	/home/pane?id=social&ajax=1	Gone for https://api.twitter.com/1/statuses/user_timeline.json?screen_name=kurogofwk&trim_user=1
[Wed 11 26 14:00:11 2014]	exception:Alert	include@19	/people/	A KurogoException has occured: LDAP PHP extension is not installed
[Wed 11 26 14:00:56 2014]	exception:Alert	include@19	/people/	A KurogoException has occured: LDAP PHP extension is not installed
[Wed 11 26 14:01:04 2014]	url_retriever:Warning	URLDataRetriever->retrieveResponse@508	/home/pane?id=social&ajax=1	Gone for https://api.twitter.com/1/statuses/user_timeline.json?screen_name=kurogofwk&trim_user=1
[Wed 11 26 14:03:46 2014]	exception:Alert	Module::factory@130	/homr/	A KurogoModuleNotFound has occured: Module homr not found
[Wed 11 26 14:04:14 2014]	url_retriever:Warning	URLDataRetriever->retrieveResponse@508	/home/pane?id=social&ajax=1	Gone for https://api.twitter.com/1/statuses/user_timeline.json?screen_name=kurogofwk&trim_user=1
[Wed 11 26 14:14:48 2014]	url_retriever:Warning	URLDataRetriever->retrieveResponse@508	/home/pane?id=social&ajax=1	Gone for https://api.twitter.com/1/statuses/user_timeline.json?screen_name=kurogofwk&trim_user=1
[Wed 11 26 14:15:24 2014]	url_retriever:Warning	URLDataRetriever->retrieveResponse@508	/home/pane?id=social&ajax=1	Gone for https://api.twitter.com/1/statuses/user_timeline.json?screen_name=kurogofwk&trim_user=1
[Wed 11 26 14:17:20 2014]	url_retriever:Warning	URLDataRetriever->retrieveResponse@508	/home/pane?id=social&ajax=1	Gone for https://api.twitter.com/1/statuses/user_timeline.json?screen_name=kurogofwk&trim_user=1
[Wed 11 26 14:17:25 2014]	url_retriever:Warning	URLDataRetriever->retrieveResponse@508	/home/pane?id=social&ajax=1	Gone for https://api.twitter.com/1/statuses/user_timeline.json?screen_name=kurogofwk&trim_user=1
[Wed 11 26 14:18:01 2014]	url_retriever:Warning	URLDataRetriever->retrieveResponse@508	/home/pane?id=social&ajax=1	Gone for https://api.twitter.com/1/statuses/user_timeline.json?screen_name=kurogofwk&trim_user=1
[Wed 11 26 14:18:12 2014]	url_retriever:Warning	URLDataRetriever->retrieveResponse@508	/home/pane?id=social&ajax=1	Gone for https://api.twitter.com/1/statuses/user_timeline.json?screen_name=kurogofwk&trim_user=1
[Wed 11 26 14:21:49 2014]	exception:Alert	include@19	/people/	A KurogoException has occured: LDAP PHP extension is not installed
[Wed 11 26 14:23:04 2014]	module:Warning	HomeWebModule->runFederatedSearchForModule@145	/home/searchResult?id=people&filter=frryuhf.jn+kjy%F0%9F%98%88%F0%9F%98%92%F0%9F%98%8D%F0%9F%98%88%F0%9F%98%85&ajax=1	Federated search for module people failed: LDAP PHP extension is not installed
[Wed 11 26 15:13:45 2014]	exception:Alert	include@19	/people/	A KurogoException has occured: LDAP PHP extension is not installed
[Wed 11 26 15:13:45 2014]	exception:Alert	include@19	/people/	A KurogoException has occured: LDAP PHP extension is not installed
[Wed 11 26 15:13:45 2014]	exception:Alert	include@19	/people/	A KurogoException has occured: LDAP PHP extension is not installed
[Wed 11 26 15:15:48 2014]	url_retriever:Warning	URLDataRetriever->retrieveResponse@508	/social/	Gone for https://api.twitter.com/1/statuses/user_timeline.json?screen_name=kurogofwk&trim_user=1
[Wed 11 26 15:15:48 2014]	url_retriever:Warning	URLDataRetriever->retrieveResponse@508	/social/	Gone for https://api.twitter.com/1/statuses/user_timeline.json?screen_name=kurogofwk&trim_user=1
[Wed 11 26 15:15:49 2014]	url_retriever:Warning	URLDataRetriever->retrieveResponse@508	/social/	Gone for https://api.twitter.com/1/statuses/user_timeline.json?screen_name=kurogofwk&trim_user=1
[Wed 11 26 15:15:52 2014]	url_retriever:Warning	URLDataRetriever->retrieveResponse@508	/social/	Gone for https://api.twitter.com/1/statuses/user_timeline.json?screen_name=kurogofwk&trim_user=1
[Wed 11 26 15:15:54 2014]	url_retriever:Warning	URLDataRetriever->retrieveResponse@508	/social/	Gone for https://api.twitter.com/1/statuses/user_timeline.json?screen_name=kurogofwk&trim_user=1
[Wed 11 26 15:16:19 2014]	maps:Warning	MapWebModule->getCurrentFeed@246	/map/	Warning: unable to find feed data for feed 
[Wed 11 26 15:16:19 2014]	maps:Warning	MapWebModule->getCurrentFeed@246	/map/	Warning: unable to find feed data for feed 
[Fri 11 28 11:37:03 2014]	exception:Alert	include@19	/people/	A KurogoException has occured: LDAP PHP extension is not installed
[Fri 11 28 11:37:03 2014]	exception:Alert	include@19	/people/	A KurogoException has occured: LDAP PHP extension is not installed
[Fri 12 19 16:34:25 2014]	url_retriever:Warning	URLDataRetriever->retrieveResponse@508	/home/pane?id=social&ajax=1	Gone for https://api.twitter.com/1/statuses/user_timeline.json?screen_name=kurogofwk&trim_user=1
[Fri 12 19 16:37:13 2014]	exception:Alert	include@19	/people/	A KurogoException has occured: LDAP PHP extension is not installed
[Fri 12 19 16:37:23 2014]	url_retriever:Warning	URLDataRetriever->retrieveResponse@508	/home/pane?id=social&ajax=1	Gone for https://api.twitter.com/1/statuses/user_timeline.json?screen_name=kurogofwk&trim_user=1
[Fri 12 19 16:37:25 2014]	maps:Warning	MapWebModule->getCurrentFeed@246	/map/	Warning: unable to find feed data for feed 
[Fri 12 19 16:37:25 2014]	maps:Warning	MapWebModule->getCurrentFeed@246	/map/	Warning: unable to find feed data for feed 
[Wed 12 24 17:25:16 2014]	maps:Warning	MapWebModule->getCurrentFeed@246	/map/	Warning: unable to find feed data for feed 
[Wed 12 24 17:25:17 2014]	maps:Warning	MapWebModule->getCurrentFeed@246	/map/	Warning: unable to find feed data for feed 
[Wed 12 24 17:47:21 2014]	url_retriever:Warning	URLDataRetriever->retrieveResponse@508	/home/pane?id=social&ajax=1	Gone for https://api.twitter.com/1/statuses/user_timeline.json?screen_name=kurogofwk&trim_user=1
[Wed 12 24 17:47:23 2014]	url_retriever:Warning	URLDataRetriever->retrieveResponse@508	/fileloader/images/d726efb8ecb465dc79428512941b49a9.jpg	Forbidden for http://media.news.harvard.edu/gazette/wp-content/uploads/2014/10/101414_CivilDGF_005_140.jpg
[Wed 12 24 17:47:23 2014]	data:Warning	FileLoader::load@74	/fileloader/images/d726efb8ecb465dc79428512941b49a9.jpg	FileLoader failed to load 'http://media.news.harvard.edu/gazette/wp-content/uploads/2014/10/101414_CivilDGF_005_140.jpg'
[Wed 12 24 17:47:23 2014]	security:Warning	Watchdog->_safePath@144	/fileloader/images/d726efb8ecb465dc79428512941b49a9.jpg	WARNING! Blocking attempt from 127.0.0.1 to access unsafe path '/home/fearon/kurogo-mw-1.8.3/Kurogo-Mobile-Web/www'
[Wed 12 24 17:47:23 2014]	kurogo:Warning	_404@113	/fileloader/images/d726efb8ecb465dc79428512941b49a9.jpg	URL /fileloader/images/d726efb8ecb465dc79428512941b49a9.jpg not found
[Sat 12 27 12:57:58 2014]	exception:Alert	ConfigFileStore->saveConfig@150	/rest/admin/setconfigdata	A KurogoConfigurationException has occured: Cannot save config file: /home/fearon/kurogo-mw-1.8.3/sites/Universitas/config/site.ini Check permissions
[Sat 12 27 12:58:13 2014]	exception:Alert	ConfigFileStore->saveConfig@150	/rest/admin/setconfigdata	A KurogoConfigurationException has occured: Cannot save config file: /home/fearon/kurogo-mw-1.8.3/sites/Universitas/config/site.ini Check permissions
[Sat 12 27 13:28:53 2014]	exception:Alert	Module::factory@130	/phpmyadmin/	A KurogoModuleNotFound has occured: Module phpmyadmin not found
[Sat 12 27 13:31:14 2014]	url_retriever:Warning	URLDataRetriever->retrieveResponse@508	/home/pane?id=social&ajax=1	Gone for https://api.twitter.com/1/statuses/user_timeline.json?screen_name=kurogofwk&trim_user=1
[Sat 12 27 13:31:15 2014]	url_retriever:Warning	URLDataRetriever->retrieveResponse@508	/fileloader/images/d726efb8ecb465dc79428512941b49a9.jpg	Forbidden for http://media.news.harvard.edu/gazette/wp-content/uploads/2014/10/101414_CivilDGF_005_140.jpg
[Sat 12 27 13:31:15 2014]	data:Warning	FileLoader::load@74	/fileloader/images/d726efb8ecb465dc79428512941b49a9.jpg	FileLoader failed to load 'http://media.news.harvard.edu/gazette/wp-content/uploads/2014/10/101414_CivilDGF_005_140.jpg'
[Sat 12 27 13:31:15 2014]	security:Warning	Watchdog->_safePath@144	/fileloader/images/d726efb8ecb465dc79428512941b49a9.jpg	WARNING! Blocking attempt from 127.0.0.1 to access unsafe path '/home/fearon/kurogo-mw-1.8.3/Kurogo-Mobile-Web/www'
[Sat 12 27 13:31:15 2014]	kurogo:Warning	_404@113	/fileloader/images/d726efb8ecb465dc79428512941b49a9.jpg	URL /fileloader/images/d726efb8ecb465dc79428512941b49a9.jpg not found
[Sat 12 27 14:24:02 2014]	exception:Alert	Module::factory@130	/directory/	A KurogoModuleNotFound has occured: Module directory not found
[Sat 12 27 14:26:57 2014]	exception:Alert	Module::factory@130	/directory/	A KurogoModuleNotFound has occured: Module directory not found
[Sat 12 27 14:28:29 2014]	exception:Alert	Module::factory@130	/directory/	A KurogoModuleNotFound has occured: Module directory not found
[Sat 12 27 14:28:41 2014]	exception:Alert	Module::factory@130	/directory/	A KurogoModuleNotFound has occured: Module directory not found
[Sat 12 27 14:28:48 2014]	exception:Alert	Module::factory@130	/directory/index	A KurogoModuleNotFound has occured: Module directory not found
[Sat 12 27 14:28:50 2014]	exception:Alert	Module::factory@130	/directory/index	A KurogoModuleNotFound has occured: Module directory not found
