[21-Nov-2014 19:45:42 America/New_York] PHP Deprecated:  preg_replace(): The /e modifier is deprecated, use preg_replace_callback instead in /home/fearon/kurogo-mw-1.8.3/Kurogo-Mobile-Web/lib/smarty/plugins/modifier.capitalize.php on line 26
[21-Nov-2014 19:47:21 America/New_York] PHP Deprecated:  preg_replace(): The /e modifier is deprecated, use preg_replace_callback instead in /home/fearon/kurogo-mw-1.8.3/Kurogo-Mobile-Web/lib/smarty/plugins/modifier.capitalize.php on line 26
[21-Nov-2014 19:47:26 America/New_York] PHP Deprecated:  preg_replace(): The /e modifier is deprecated, use preg_replace_callback instead in /home/fearon/kurogo-mw-1.8.3/Kurogo-Mobile-Web/lib/smarty/plugins/modifier.capitalize.php on line 26
[21-Nov-2014 19:47:33 America/New_York] PHP Deprecated:  preg_replace(): The /e modifier is deprecated, use preg_replace_callback instead in /home/fearon/kurogo-mw-1.8.3/Kurogo-Mobile-Web/lib/smarty/plugins/modifier.capitalize.php on line 26
[21-Nov-2014 19:47:36 America/New_York] PHP Deprecated:  preg_replace(): The /e modifier is deprecated, use preg_replace_callback instead in /home/fearon/kurogo-mw-1.8.3/Kurogo-Mobile-Web/lib/smarty/plugins/modifier.capitalize.php on line 26
[21-Nov-2014 19:47:41 America/New_York] PHP Deprecated:  preg_replace(): The /e modifier is deprecated, use preg_replace_callback instead in /home/fearon/kurogo-mw-1.8.3/Kurogo-Mobile-Web/lib/smarty/plugins/modifier.capitalize.php on line 26
[21-Nov-2014 19:47:45 America/New_York] PHP Deprecated:  preg_replace(): The /e modifier is deprecated, use preg_replace_callback instead in /home/fearon/kurogo-mw-1.8.3/Kurogo-Mobile-Web/lib/smarty/plugins/modifier.capitalize.php on line 26
[21-Nov-2014 19:47:47 America/New_York] PHP Deprecated:  preg_replace(): The /e modifier is deprecated, use preg_replace_callback instead in /home/fearon/kurogo-mw-1.8.3/Kurogo-Mobile-Web/lib/smarty/plugins/modifier.capitalize.php on line 26
[22-Nov-2014 01:28:54 America/New_York] PHP Deprecated:  preg_replace(): The /e modifier is deprecated, use preg_replace_callback instead in /home/fearon/kurogo-mw-1.8.3/Kurogo-Mobile-Web/lib/smarty/plugins/modifier.capitalize.php on line 26
[22-Nov-2014 01:29:05 America/New_York] PHP Deprecated:  preg_replace(): The /e modifier is deprecated, use preg_replace_callback instead in /home/fearon/kurogo-mw-1.8.3/Kurogo-Mobile-Web/lib/smarty/plugins/modifier.capitalize.php on line 26
[22-Nov-2014 01:29:08 America/New_York] PHP Deprecated:  preg_replace(): The /e modifier is deprecated, use preg_replace_callback instead in /home/fearon/kurogo-mw-1.8.3/Kurogo-Mobile-Web/lib/smarty/plugins/modifier.capitalize.php on line 26
[22-Nov-2014 01:29:11 America/New_York] PHP Deprecated:  preg_replace(): The /e modifier is deprecated, use preg_replace_callback instead in /home/fearon/kurogo-mw-1.8.3/Kurogo-Mobile-Web/lib/smarty/plugins/modifier.capitalize.php on line 26
[22-Nov-2014 01:34:22 America/New_York] PHP Deprecated:  preg_replace(): The /e modifier is deprecated, use preg_replace_callback instead in /home/fearon/kurogo-mw-1.8.3/Kurogo-Mobile-Web/lib/smarty/plugins/modifier.capitalize.php on line 26
[22-Nov-2014 01:34:22 America/New_York] PHP Deprecated:  preg_replace(): The /e modifier is deprecated, use preg_replace_callback instead in /home/fearon/kurogo-mw-1.8.3/Kurogo-Mobile-Web/lib/smarty/plugins/modifier.capitalize.php on line 26
[22-Nov-2014 01:34:23 America/New_York] PHP Warning:  file_get_contents(https://api.twitter.com/1/statuses/user_timeline.json?screen_name=kurogofwk&amp;trim_user=1): failed to open stream: HTTP request failed! HTTP/1.0 410 Gone
 in /home/fearon/kurogo-mw-1.8.3/Kurogo-Mobile-Web/lib/DataRetriever/URLDataRetriever.php on line 481
[22-Nov-2014 01:34:27 America/New_York] PHP Deprecated:  preg_replace(): The /e modifier is deprecated, use preg_replace_callback instead in /home/fearon/kurogo-mw-1.8.3/Kurogo-Mobile-Web/lib/smarty/plugins/modifier.capitalize.php on line 26
[22-Nov-2014 01:35:38 America/New_York] PHP Deprecated:  preg_replace(): The /e modifier is deprecated, use preg_replace_callback instead in /home/fearon/kurogo-mw-1.8.3/Kurogo-Mobile-Web/lib/smarty/plugins/modifier.capitalize.php on line 26
[22-Nov-2014 01:36:28 America/New_York] PHP Deprecated:  preg_replace(): The /e modifier is deprecated, use preg_replace_callback instead in /home/fearon/kurogo-mw-1.8.3/Kurogo-Mobile-Web/lib/smarty/plugins/modifier.capitalize.php on line 26
[22-Nov-2014 01:36:31 America/New_York] PHP Deprecated:  preg_replace(): The /e modifier is deprecated, use preg_replace_callback instead in /home/fearon/kurogo-mw-1.8.3/Kurogo-Mobile-Web/lib/smarty/plugins/modifier.capitalize.php on line 26
[22-Nov-2014 01:37:07 America/New_York] PHP Deprecated:  preg_replace(): The /e modifier is deprecated, use preg_replace_callback instead in /home/fearon/kurogo-mw-1.8.3/Kurogo-Mobile-Web/lib/smarty/plugins/modifier.capitalize.php on line 26
[22-Nov-2014 01:37:20 America/New_York] PHP Deprecated:  preg_replace(): The /e modifier is deprecated, use preg_replace_callback instead in /home/fearon/kurogo-mw-1.8.3/Kurogo-Mobile-Web/lib/smarty/plugins/modifier.capitalize.php on line 26
[22-Nov-2014 01:37:31 America/New_York] PHP Deprecated:  preg_replace(): The /e modifier is deprecated, use preg_replace_callback instead in /home/fearon/kurogo-mw-1.8.3/Kurogo-Mobile-Web/lib/smarty/plugins/modifier.capitalize.php on line 26
[22-Nov-2014 01:37:34 America/New_York] PHP Deprecated:  preg_replace(): The /e modifier is deprecated, use preg_replace_callback instead in /home/fearon/kurogo-mw-1.8.3/Kurogo-Mobile-Web/lib/smarty/plugins/modifier.capitalize.php on line 26
[22-Nov-2014 01:37:36 America/New_York] PHP Deprecated:  preg_replace(): The /e modifier is deprecated, use preg_replace_callback instead in /home/fearon/kurogo-mw-1.8.3/Kurogo-Mobile-Web/lib/smarty/plugins/modifier.capitalize.php on line 26
[22-Nov-2014 01:58:41 America/New_York] PHP Deprecated:  preg_replace(): The /e modifier is deprecated, use preg_replace_callback instead in /home/fearon/kurogo-mw-1.8.3/Kurogo-Mobile-Web/lib/smarty/plugins/modifier.capitalize.php on line 26
[22-Nov-2014 01:58:52 America/New_York] PHP Deprecated:  preg_replace(): The /e modifier is deprecated, use preg_replace_callback instead in /home/fearon/kurogo-mw-1.8.3/Kurogo-Mobile-Web/lib/smarty/plugins/modifier.capitalize.php on line 26
[22-Nov-2014 01:58:54 America/New_York] PHP Warning:  file_get_contents(https://api.twitter.com/1/statuses/user_timeline.json?screen_name=kurogofwk&amp;trim_user=1): failed to open stream: HTTP request failed! HTTP/1.0 410 Gone
 in /home/fearon/kurogo-mw-1.8.3/Kurogo-Mobile-Web/lib/DataRetriever/URLDataRetriever.php on line 481
[22-Nov-2014 01:58:54 America/New_York] PHP Deprecated:  preg_replace(): The /e modifier is deprecated, use preg_replace_callback instead in /home/fearon/kurogo-mw-1.8.3/Kurogo-Mobile-Web/lib/smarty/plugins/modifier.capitalize.php on line 26
[22-Nov-2014 01:59:02 America/New_York] PHP Deprecated:  preg_replace(): The /e modifier is deprecated, use preg_replace_callback instead in /home/fearon/kurogo-mw-1.8.3/Kurogo-Mobile-Web/lib/smarty/plugins/modifier.capitalize.php on line 26
[22-Nov-2014 15:30:49 America/New_York] PHP Deprecated:  preg_replace(): The /e modifier is deprecated, use preg_replace_callback instead in /home/fearon/kurogo-mw-1.8.3/Kurogo-Mobile-Web/lib/smarty/plugins/modifier.capitalize.php on line 26
[22-Nov-2014 15:30:51 America/New_York] PHP Warning:  file_get_contents(https://api.twitter.com/1/statuses/user_timeline.json?screen_name=kurogofwk&amp;trim_user=1): failed to open stream: HTTP request failed! HTTP/1.0 410 Gone
 in /home/fearon/kurogo-mw-1.8.3/Kurogo-Mobile-Web/lib/DataRetriever/URLDataRetriever.php on line 481
[22-Nov-2014 15:31:13 America/New_York] PHP Deprecated:  preg_replace(): The /e modifier is deprecated, use preg_replace_callback instead in /home/fearon/kurogo-mw-1.8.3/Kurogo-Mobile-Web/lib/smarty/plugins/modifier.capitalize.php on line 26
[22-Nov-2014 15:31:16 America/New_York] PHP Deprecated:  preg_replace(): The /e modifier is deprecated, use preg_replace_callback instead in /home/fearon/kurogo-mw-1.8.3/Kurogo-Mobile-Web/lib/smarty/plugins/modifier.capitalize.php on line 26
[22-Nov-2014 15:31:17 America/New_York] PHP Warning:  file_get_contents(https://api.twitter.com/1/statuses/user_timeline.json?screen_name=kurogofwk&amp;trim_user=1): failed to open stream: HTTP request failed! HTTP/1.0 410 Gone
 in /home/fearon/kurogo-mw-1.8.3/Kurogo-Mobile-Web/lib/DataRetriever/URLDataRetriever.php on line 481
[22-Nov-2014 15:33:11 America/New_York] PHP Deprecated:  preg_replace(): The /e modifier is deprecated, use preg_replace_callback instead in /home/fearon/kurogo-mw-1.8.3/Kurogo-Mobile-Web/lib/smarty/plugins/modifier.capitalize.php on line 26
[22-Nov-2014 15:33:13 America/New_York] PHP Warning:  file_get_contents(https://api.twitter.com/1/statuses/user_timeline.json?screen_name=kurogofwk&amp;trim_user=1): failed to open stream: HTTP request failed! HTTP/1.0 410 Gone
 in /home/fearon/kurogo-mw-1.8.3/Kurogo-Mobile-Web/lib/DataRetriever/URLDataRetriever.php on line 481
[22-Nov-2014 15:48:28 America/New_York] PHP Deprecated:  preg_replace(): The /e modifier is deprecated, use preg_replace_callback instead in /home/fearon/kurogo-mw-1.8.3/Kurogo-Mobile-Web/lib/smarty/plugins/modifier.capitalize.php on line 26
[22-Nov-2014 15:48:35 America/New_York] PHP Deprecated:  preg_replace(): The /e modifier is deprecated, use preg_replace_callback instead in /home/fearon/kurogo-mw-1.8.3/Kurogo-Mobile-Web/lib/smarty/plugins/modifier.capitalize.php on line 26
[22-Nov-2014 15:48:36 America/New_York] PHP Warning:  file_get_contents(https://api.twitter.com/1/statuses/user_timeline.json?screen_name=kurogofwk&amp;trim_user=1): failed to open stream: HTTP request failed! HTTP/1.0 410 Gone
 in /home/fearon/kurogo-mw-1.8.3/Kurogo-Mobile-Web/lib/DataRetriever/URLDataRetriever.php on line 481
[22-Nov-2014 16:20:26 America/New_York] PHP Deprecated:  preg_replace(): The /e modifier is deprecated, use preg_replace_callback instead in /home/fearon/kurogo-mw-1.8.3/Kurogo-Mobile-Web/lib/smarty/plugins/modifier.capitalize.php on line 26
[22-Nov-2014 16:33:36 America/New_York] PHP Deprecated:  preg_replace(): The /e modifier is deprecated, use preg_replace_callback instead in /home/fearon/kurogo-mw-1.8.3/Kurogo-Mobile-Web/lib/smarty/plugins/modifier.capitalize.php on line 26
[22-Nov-2014 16:33:37 America/New_York] PHP Warning:  file_get_contents(https://api.twitter.com/1/statuses/user_timeline.json?screen_name=kurogofwk&amp;trim_user=1): failed to open stream: HTTP request failed! HTTP/1.0 410 Gone
 in /home/fearon/kurogo-mw-1.8.3/Kurogo-Mobile-Web/lib/DataRetriever/URLDataRetriever.php on line 481
[22-Nov-2014 16:45:50 America/New_York] PHP Parse error:  syntax error, unexpected '=' in /home/fearon/kurogo-mw-1.8.3/sites/Universitas/app/modules/hello/HelloWebModule.php on line 10
[22-Nov-2014 16:46:26 America/New_York] PHP Parse error:  syntax error, unexpected '=' in /home/fearon/kurogo-mw-1.8.3/sites/Universitas/app/modules/hello/HelloWebModule.php on line 10
[22-Nov-2014 16:47:45 America/New_York] PHP Parse error:  syntax error, unexpected '=' in /home/fearon/kurogo-mw-1.8.3/sites/Universitas/app/modules/hello/HelloWebModule.php on line 10
[22-Nov-2014 16:47:46 America/New_York] PHP Parse error:  syntax error, unexpected '=' in /home/fearon/kurogo-mw-1.8.3/sites/Universitas/app/modules/hello/HelloWebModule.php on line 10
[22-Nov-2014 16:47:47 America/New_York] PHP Parse error:  syntax error, unexpected '=' in /home/fearon/kurogo-mw-1.8.3/sites/Universitas/app/modules/hello/HelloWebModule.php on line 10
[22-Nov-2014 16:47:48 America/New_York] PHP Parse error:  syntax error, unexpected '=' in /home/fearon/kurogo-mw-1.8.3/sites/Universitas/app/modules/hello/HelloWebModule.php on line 10
[22-Nov-2014 16:47:49 America/New_York] PHP Parse error:  syntax error, unexpected '=' in /home/fearon/kurogo-mw-1.8.3/sites/Universitas/app/modules/hello/HelloWebModule.php on line 10
[22-Nov-2014 16:47:50 America/New_York] PHP Parse error:  syntax error, unexpected '=' in /home/fearon/kurogo-mw-1.8.3/sites/Universitas/app/modules/hello/HelloWebModule.php on line 10
[22-Nov-2014 16:49:21 America/New_York] PHP Parse error:  syntax error, unexpected '=' in /home/fearon/kurogo-mw-1.8.3/sites/Universitas/app/modules/hello/HelloWebModule.php on line 10
[22-Nov-2014 16:49:24 America/New_York] PHP Parse error:  syntax error, unexpected '=' in /home/fearon/kurogo-mw-1.8.3/sites/Universitas/app/modules/hello/HelloWebModule.php on line 10
[22-Nov-2014 16:49:29 America/New_York] PHP Warning:  file_get_contents(https://api.twitter.com/1/statuses/user_timeline.json?screen_name=kurogofwk&amp;trim_user=1): failed to open stream: HTTP request failed! HTTP/1.0 410 Gone
 in /home/fearon/kurogo-mw-1.8.3/Kurogo-Mobile-Web/lib/DataRetriever/URLDataRetriever.php on line 481
[22-Nov-2014 16:49:31 America/New_York] PHP Parse error:  syntax error, unexpected '=' in /home/fearon/kurogo-mw-1.8.3/sites/Universitas/app/modules/hello/HelloWebModule.php on line 10
[22-Nov-2014 16:56:57 America/New_York] PHP Deprecated:  preg_replace(): The /e modifier is deprecated, use preg_replace_callback instead in /home/fearon/kurogo-mw-1.8.3/Kurogo-Mobile-Web/lib/smarty/plugins/modifier.capitalize.php on line 26
[22-Nov-2014 17:12:21 America/New_York] PHP Deprecated:  preg_replace(): The /e modifier is deprecated, use preg_replace_callback instead in /home/fearon/kurogo-mw-1.8.3/Kurogo-Mobile-Web/lib/smarty/plugins/modifier.capitalize.php on line 26
[22-Nov-2014 17:12:23 America/New_York] PHP Warning:  file_get_contents(https://api.twitter.com/1/statuses/user_timeline.json?screen_name=kurogofwk&amp;trim_user=1): failed to open stream: HTTP request failed! HTTP/1.0 410 Gone
 in /home/fearon/kurogo-mw-1.8.3/Kurogo-Mobile-Web/lib/DataRetriever/URLDataRetriever.php on line 481
[22-Nov-2014 17:12:58 America/New_York] PHP Deprecated:  preg_replace(): The /e modifier is deprecated, use preg_replace_callback instead in /home/fearon/kurogo-mw-1.8.3/Kurogo-Mobile-Web/lib/smarty/plugins/modifier.capitalize.php on line 26
[22-Nov-2014 17:12:59 America/New_York] PHP Warning:  file_get_contents(https://api.twitter.com/1/statuses/user_timeline.json?screen_name=kurogofwk&amp;trim_user=1): failed to open stream: HTTP request failed! HTTP/1.0 410 Gone
 in /home/fearon/kurogo-mw-1.8.3/Kurogo-Mobile-Web/lib/DataRetriever/URLDataRetriever.php on line 481
[22-Nov-2014 17:14:03 America/New_York] PHP Deprecated:  preg_replace(): The /e modifier is deprecated, use preg_replace_callback instead in /home/fearon/kurogo-mw-1.8.3/Kurogo-Mobile-Web/lib/smarty/plugins/modifier.capitalize.php on line 26
[22-Nov-2014 17:14:05 America/New_York] PHP Warning:  file_get_contents(https://api.twitter.com/1/statuses/user_timeline.json?screen_name=kurogofwk&amp;trim_user=1): failed to open stream: HTTP request failed! HTTP/1.0 410 Gone
 in /home/fearon/kurogo-mw-1.8.3/Kurogo-Mobile-Web/lib/DataRetriever/URLDataRetriever.php on line 481
[22-Nov-2014 17:15:39 America/New_York] PHP Deprecated:  preg_replace(): The /e modifier is deprecated, use preg_replace_callback instead in /home/fearon/kurogo-mw-1.8.3/Kurogo-Mobile-Web/lib/smarty/plugins/modifier.capitalize.php on line 26
[22-Nov-2014 17:15:41 America/New_York] PHP Warning:  file_get_contents(https://api.twitter.com/1/statuses/user_timeline.json?screen_name=kurogofwk&amp;trim_user=1): failed to open stream: HTTP request failed! HTTP/1.0 410 Gone
 in /home/fearon/kurogo-mw-1.8.3/Kurogo-Mobile-Web/lib/DataRetriever/URLDataRetriever.php on line 481
[22-Nov-2014 17:15:54 America/New_York] PHP Deprecated:  preg_replace(): The /e modifier is deprecated, use preg_replace_callback instead in /home/fearon/kurogo-mw-1.8.3/Kurogo-Mobile-Web/lib/smarty/plugins/modifier.capitalize.php on line 26
[22-Nov-2014 17:16:54 America/New_York] PHP Deprecated:  preg_replace(): The /e modifier is deprecated, use preg_replace_callback instead in /home/fearon/kurogo-mw-1.8.3/Kurogo-Mobile-Web/lib/smarty/plugins/modifier.capitalize.php on line 26
[22-Nov-2014 17:17:05 America/New_York] PHP Deprecated:  preg_replace(): The /e modifier is deprecated, use preg_replace_callback instead in /home/fearon/kurogo-mw-1.8.3/Kurogo-Mobile-Web/lib/smarty/plugins/modifier.capitalize.php on line 26
[22-Nov-2014 17:17:06 America/New_York] PHP Warning:  file_get_contents(https://api.twitter.com/1/statuses/user_timeline.json?screen_name=kurogofwk&amp;trim_user=1): failed to open stream: HTTP request failed! HTTP/1.0 410 Gone
 in /home/fearon/kurogo-mw-1.8.3/Kurogo-Mobile-Web/lib/DataRetriever/URLDataRetriever.php on line 481
[22-Nov-2014 17:17:07 America/New_York] PHP Deprecated:  preg_replace(): The /e modifier is deprecated, use preg_replace_callback instead in /home/fearon/kurogo-mw-1.8.3/Kurogo-Mobile-Web/lib/smarty/plugins/modifier.capitalize.php on line 26
[22-Nov-2014 17:17:08 America/New_York] PHP Warning:  file_get_contents(https://api.twitter.com/1/statuses/user_timeline.json?screen_name=kurogofwk&amp;trim_user=1): failed to open stream: HTTP request failed! HTTP/1.0 410 Gone
 in /home/fearon/kurogo-mw-1.8.3/Kurogo-Mobile-Web/lib/DataRetriever/URLDataRetriever.php on line 481
[22-Nov-2014 17:17:09 America/New_York] PHP Deprecated:  preg_replace(): The /e modifier is deprecated, use preg_replace_callback instead in /home/fearon/kurogo-mw-1.8.3/Kurogo-Mobile-Web/lib/smarty/plugins/modifier.capitalize.php on line 26
[22-Nov-2014 17:17:10 America/New_York] PHP Warning:  file_get_contents(https://api.twitter.com/1/statuses/user_timeline.json?screen_name=kurogofwk&amp;trim_user=1): failed to open stream: HTTP request failed! HTTP/1.0 410 Gone
 in /home/fearon/kurogo-mw-1.8.3/Kurogo-Mobile-Web/lib/DataRetriever/URLDataRetriever.php on line 481
[22-Nov-2014 17:17:11 America/New_York] PHP Deprecated:  preg_replace(): The /e modifier is deprecated, use preg_replace_callback instead in /home/fearon/kurogo-mw-1.8.3/Kurogo-Mobile-Web/lib/smarty/plugins/modifier.capitalize.php on line 26
[22-Nov-2014 17:17:13 America/New_York] PHP Deprecated:  preg_replace(): The /e modifier is deprecated, use preg_replace_callback instead in /home/fearon/kurogo-mw-1.8.3/Kurogo-Mobile-Web/lib/smarty/plugins/modifier.capitalize.php on line 26
[22-Nov-2014 17:17:15 America/New_York] PHP Deprecated:  preg_replace(): The /e modifier is deprecated, use preg_replace_callback instead in /home/fearon/kurogo-mw-1.8.3/Kurogo-Mobile-Web/lib/smarty/plugins/modifier.capitalize.php on line 26
[22-Nov-2014 17:17:20 America/New_York] PHP Deprecated:  preg_replace(): The /e modifier is deprecated, use preg_replace_callback instead in /home/fearon/kurogo-mw-1.8.3/Kurogo-Mobile-Web/lib/smarty/plugins/modifier.capitalize.php on line 26
[22-Nov-2014 17:17:38 America/New_York] PHP Deprecated:  preg_replace(): The /e modifier is deprecated, use preg_replace_callback instead in /home/fearon/kurogo-mw-1.8.3/Kurogo-Mobile-Web/lib/smarty/plugins/modifier.capitalize.php on line 26
[22-Nov-2014 17:17:39 America/New_York] PHP Warning:  file_get_contents(https://api.twitter.com/1/statuses/user_timeline.json?screen_name=kurogofwk&amp;trim_user=1): failed to open stream: HTTP request failed! HTTP/1.0 410 Gone
 in /home/fearon/kurogo-mw-1.8.3/Kurogo-Mobile-Web/lib/DataRetriever/URLDataRetriever.php on line 481
[22-Nov-2014 17:17:46 America/New_York] PHP Deprecated:  preg_replace(): The /e modifier is deprecated, use preg_replace_callback instead in /home/fearon/kurogo-mw-1.8.3/Kurogo-Mobile-Web/lib/smarty/plugins/modifier.capitalize.php on line 26
[22-Nov-2014 17:17:50 America/New_York] PHP Deprecated:  preg_replace(): The /e modifier is deprecated, use preg_replace_callback instead in /home/fearon/kurogo-mw-1.8.3/Kurogo-Mobile-Web/lib/smarty/plugins/modifier.capitalize.php on line 26
[22-Nov-2014 17:18:02 America/New_York] PHP Warning:  file_get_contents(https://api.twitter.com/1/statuses/user_timeline.json?screen_name=kurogofwk&amp;trim_user=1): failed to open stream: HTTP request failed! HTTP/1.0 410 Gone
 in /home/fearon/kurogo-mw-1.8.3/Kurogo-Mobile-Web/lib/DataRetriever/URLDataRetriever.php on line 481
[22-Nov-2014 17:18:09 America/New_York] PHP Deprecated:  preg_replace(): The /e modifier is deprecated, use preg_replace_callback instead in /home/fearon/kurogo-mw-1.8.3/Kurogo-Mobile-Web/lib/smarty/plugins/modifier.capitalize.php on line 26
[22-Nov-2014 17:29:59 America/New_York] PHP Deprecated:  preg_replace(): The /e modifier is deprecated, use preg_replace_callback instead in /home/fearon/kurogo-mw-1.8.3/Kurogo-Mobile-Web/lib/smarty/plugins/modifier.capitalize.php on line 26
[22-Nov-2014 17:30:06 America/New_York] PHP Deprecated:  preg_replace(): The /e modifier is deprecated, use preg_replace_callback instead in /home/fearon/kurogo-mw-1.8.3/Kurogo-Mobile-Web/lib/smarty/plugins/modifier.capitalize.php on line 26
[22-Nov-2014 17:30:15 America/New_York] PHP Deprecated:  preg_replace(): The /e modifier is deprecated, use preg_replace_callback instead in /home/fearon/kurogo-mw-1.8.3/Kurogo-Mobile-Web/lib/smarty/plugins/modifier.capitalize.php on line 26
[22-Nov-2014 17:33:28 America/New_York] PHP Deprecated:  preg_replace(): The /e modifier is deprecated, use preg_replace_callback instead in /home/fearon/kurogo-mw-1.8.3/Kurogo-Mobile-Web/lib/smarty/plugins/modifier.capitalize.php on line 26
[22-Nov-2014 17:34:30 America/New_York] PHP Deprecated:  preg_replace(): The /e modifier is deprecated, use preg_replace_callback instead in /home/fearon/kurogo-mw-1.8.3/Kurogo-Mobile-Web/lib/smarty/plugins/modifier.capitalize.php on line 26
[22-Nov-2014 17:34:40 America/New_York] PHP Deprecated:  preg_replace(): The /e modifier is deprecated, use preg_replace_callback instead in /home/fearon/kurogo-mw-1.8.3/Kurogo-Mobile-Web/lib/smarty/plugins/modifier.capitalize.php on line 26
[22-Nov-2014 17:34:45 America/New_York] PHP Deprecated:  preg_replace(): The /e modifier is deprecated, use preg_replace_callback instead in /home/fearon/kurogo-mw-1.8.3/Kurogo-Mobile-Web/lib/smarty/plugins/modifier.capitalize.php on line 26
[22-Nov-2014 17:34:51 America/New_York] PHP Deprecated:  preg_replace(): The /e modifier is deprecated, use preg_replace_callback instead in /home/fearon/kurogo-mw-1.8.3/Kurogo-Mobile-Web/lib/smarty/plugins/modifier.capitalize.php on line 26
[22-Nov-2014 17:34:54 America/New_York] PHP Deprecated:  preg_replace(): The /e modifier is deprecated, use preg_replace_callback instead in /home/fearon/kurogo-mw-1.8.3/Kurogo-Mobile-Web/lib/smarty/plugins/modifier.capitalize.php on line 26
[22-Nov-2014 17:34:54 America/New_York] PHP Deprecated:  preg_replace(): The /e modifier is deprecated, use preg_replace_callback instead in /home/fearon/kurogo-mw-1.8.3/Kurogo-Mobile-Web/lib/smarty/plugins/modifier.capitalize.php on line 26
[22-Nov-2014 17:34:55 America/New_York] PHP Deprecated:  preg_replace(): The /e modifier is deprecated, use preg_replace_callback instead in /home/fearon/kurogo-mw-1.8.3/Kurogo-Mobile-Web/lib/smarty/plugins/modifier.capitalize.php on line 26
[22-Nov-2014 17:35:05 America/New_York] PHP Deprecated:  preg_replace(): The /e modifier is deprecated, use preg_replace_callback instead in /home/fearon/kurogo-mw-1.8.3/Kurogo-Mobile-Web/lib/smarty/plugins/modifier.capitalize.php on line 26
[22-Nov-2014 17:36:59 America/New_York] PHP Warning:  file_get_contents(https://api.twitter.com/1/statuses/user_timeline.json?screen_name=kurogofwk&amp;trim_user=1): failed to open stream: HTTP request failed! HTTP/1.0 410 Gone
 in /home/fearon/kurogo-mw-1.8.3/Kurogo-Mobile-Web/lib/DataRetriever/URLDataRetriever.php on line 481
[22-Nov-2014 17:36:59 America/New_York] PHP Deprecated:  preg_replace(): The /e modifier is deprecated, use preg_replace_callback instead in /home/fearon/kurogo-mw-1.8.3/Kurogo-Mobile-Web/lib/smarty/plugins/modifier.capitalize.php on line 26
[22-Nov-2014 17:37:19 America/New_York] PHP Deprecated:  preg_replace(): The /e modifier is deprecated, use preg_replace_callback instead in /home/fearon/kurogo-mw-1.8.3/Kurogo-Mobile-Web/lib/smarty/plugins/modifier.capitalize.php on line 26
[22-Nov-2014 17:37:37 America/New_York] PHP Deprecated:  preg_replace(): The /e modifier is deprecated, use preg_replace_callback instead in /home/fearon/kurogo-mw-1.8.3/Kurogo-Mobile-Web/lib/smarty/plugins/modifier.capitalize.php on line 26
[22-Nov-2014 17:37:42 America/New_York] PHP Deprecated:  preg_replace(): The /e modifier is deprecated, use preg_replace_callback instead in /home/fearon/kurogo-mw-1.8.3/Kurogo-Mobile-Web/lib/smarty/plugins/modifier.capitalize.php on line 26
[26-Nov-2014 13:33:49 America/New_York] PHP Deprecated:  preg_replace(): The /e modifier is deprecated, use preg_replace_callback instead in /home/fearon/kurogo-mw-1.8.3/Kurogo-Mobile-Web/lib/smarty/plugins/modifier.capitalize.php on line 26
[26-Nov-2014 13:33:52 America/New_York] PHP Warning:  file_get_contents(https://api.twitter.com/1/statuses/user_timeline.json?screen_name=kurogofwk&amp;trim_user=1): failed to open stream: HTTP request failed! HTTP/1.0 410 Gone
 in /home/fearon/kurogo-mw-1.8.3/Kurogo-Mobile-Web/lib/DataRetriever/URLDataRetriever.php on line 481
[26-Nov-2014 14:00:10 America/New_York] PHP Deprecated:  preg_replace(): The /e modifier is deprecated, use preg_replace_callback instead in /home/fearon/kurogo-mw-1.8.3/Kurogo-Mobile-Web/lib/smarty/plugins/modifier.capitalize.php on line 26
[26-Nov-2014 14:00:31 America/New_York] PHP Deprecated:  preg_replace(): The /e modifier is deprecated, use preg_replace_callback instead in /home/fearon/kurogo-mw-1.8.3/Kurogo-Mobile-Web/lib/smarty/plugins/modifier.capitalize.php on line 26
[26-Nov-2014 14:00:56 America/New_York] PHP Deprecated:  preg_replace(): The /e modifier is deprecated, use preg_replace_callback instead in /home/fearon/kurogo-mw-1.8.3/Kurogo-Mobile-Web/lib/smarty/plugins/modifier.capitalize.php on line 26
[26-Nov-2014 14:00:58 America/New_York] PHP Deprecated:  preg_replace(): The /e modifier is deprecated, use preg_replace_callback instead in /home/fearon/kurogo-mw-1.8.3/Kurogo-Mobile-Web/lib/smarty/plugins/modifier.capitalize.php on line 26
[26-Nov-2014 14:01:00 America/New_York] PHP Deprecated:  preg_replace(): The /e modifier is deprecated, use preg_replace_callback instead in /home/fearon/kurogo-mw-1.8.3/Kurogo-Mobile-Web/lib/smarty/plugins/modifier.capitalize.php on line 26
[26-Nov-2014 14:01:04 America/New_York] PHP Warning:  file_get_contents(https://api.twitter.com/1/statuses/user_timeline.json?screen_name=kurogofwk&amp;trim_user=1): failed to open stream: HTTP request failed! HTTP/1.0 410 Gone
 in /home/fearon/kurogo-mw-1.8.3/Kurogo-Mobile-Web/lib/DataRetriever/URLDataRetriever.php on line 481
[26-Nov-2014 14:03:46 America/New_York] PHP Deprecated:  preg_replace(): The /e modifier is deprecated, use preg_replace_callback instead in /home/fearon/kurogo-mw-1.8.3/Kurogo-Mobile-Web/lib/smarty/plugins/modifier.capitalize.php on line 26
[26-Nov-2014 14:04:08 America/New_York] PHP Deprecated:  preg_replace(): The /e modifier is deprecated, use preg_replace_callback instead in /home/fearon/kurogo-mw-1.8.3/Kurogo-Mobile-Web/lib/smarty/plugins/modifier.capitalize.php on line 26
[26-Nov-2014 14:04:14 America/New_York] PHP Warning:  file_get_contents(https://api.twitter.com/1/statuses/user_timeline.json?screen_name=kurogofwk&amp;trim_user=1): failed to open stream: HTTP request failed! HTTP/1.0 410 Gone
 in /home/fearon/kurogo-mw-1.8.3/Kurogo-Mobile-Web/lib/DataRetriever/URLDataRetriever.php on line 481
[26-Nov-2014 14:05:39 America/New_York] PHP Deprecated:  preg_replace(): The /e modifier is deprecated, use preg_replace_callback instead in /home/fearon/kurogo-mw-1.8.3/Kurogo-Mobile-Web/lib/smarty/plugins/modifier.capitalize.php on line 26
[26-Nov-2014 14:08:05 America/New_York] PHP Deprecated:  preg_replace(): The /e modifier is deprecated, use preg_replace_callback instead in /home/fearon/kurogo-mw-1.8.3/Kurogo-Mobile-Web/lib/smarty/plugins/modifier.capitalize.php on line 26
[26-Nov-2014 14:08:17 America/New_York] PHP Deprecated:  preg_replace(): The /e modifier is deprecated, use preg_replace_callback instead in /home/fearon/kurogo-mw-1.8.3/Kurogo-Mobile-Web/lib/smarty/plugins/modifier.capitalize.php on line 26
[26-Nov-2014 14:14:41 America/New_York] PHP Deprecated:  preg_replace(): The /e modifier is deprecated, use preg_replace_callback instead in /home/fearon/kurogo-mw-1.8.3/Kurogo-Mobile-Web/lib/smarty/plugins/modifier.capitalize.php on line 26
[26-Nov-2014 14:14:45 America/New_York] PHP Deprecated:  preg_replace(): The /e modifier is deprecated, use preg_replace_callback instead in /home/fearon/kurogo-mw-1.8.3/Kurogo-Mobile-Web/lib/smarty/plugins/modifier.capitalize.php on line 26
[26-Nov-2014 14:14:48 America/New_York] PHP Warning:  file_get_contents(https://api.twitter.com/1/statuses/user_timeline.json?screen_name=kurogofwk&amp;trim_user=1): failed to open stream: HTTP request failed! HTTP/1.0 410 Gone
 in /home/fearon/kurogo-mw-1.8.3/Kurogo-Mobile-Web/lib/DataRetriever/URLDataRetriever.php on line 481
[26-Nov-2014 14:15:10 America/New_York] PHP Deprecated:  preg_replace(): The /e modifier is deprecated, use preg_replace_callback instead in /home/fearon/kurogo-mw-1.8.3/Kurogo-Mobile-Web/lib/smarty/plugins/modifier.capitalize.php on line 26
[26-Nov-2014 14:15:24 America/New_York] PHP Warning:  file_get_contents(https://api.twitter.com/1/statuses/user_timeline.json?screen_name=kurogofwk&amp;trim_user=1): failed to open stream: HTTP request failed! HTTP/1.0 410 Gone
 in /home/fearon/kurogo-mw-1.8.3/Kurogo-Mobile-Web/lib/DataRetriever/URLDataRetriever.php on line 481
[26-Nov-2014 14:16:50 America/New_York] PHP Deprecated:  preg_replace(): The /e modifier is deprecated, use preg_replace_callback instead in /home/fearon/kurogo-mw-1.8.3/Kurogo-Mobile-Web/lib/smarty/plugins/modifier.capitalize.php on line 26
[26-Nov-2014 14:17:17 America/New_York] PHP Deprecated:  preg_replace(): The /e modifier is deprecated, use preg_replace_callback instead in /home/fearon/kurogo-mw-1.8.3/Kurogo-Mobile-Web/lib/smarty/plugins/modifier.capitalize.php on line 26
[26-Nov-2014 14:17:20 America/New_York] PHP Warning:  file_get_contents(https://api.twitter.com/1/statuses/user_timeline.json?screen_name=kurogofwk&amp;trim_user=1): failed to open stream: HTTP request failed! HTTP/1.0 410 Gone
 in /home/fearon/kurogo-mw-1.8.3/Kurogo-Mobile-Web/lib/DataRetriever/URLDataRetriever.php on line 481
[26-Nov-2014 14:17:23 America/New_York] PHP Deprecated:  preg_replace(): The /e modifier is deprecated, use preg_replace_callback instead in /home/fearon/kurogo-mw-1.8.3/Kurogo-Mobile-Web/lib/smarty/plugins/modifier.capitalize.php on line 26
[26-Nov-2014 14:17:25 America/New_York] PHP Warning:  file_get_contents(https://api.twitter.com/1/statuses/user_timeline.json?screen_name=kurogofwk&amp;trim_user=1): failed to open stream: HTTP request failed! HTTP/1.0 410 Gone
 in /home/fearon/kurogo-mw-1.8.3/Kurogo-Mobile-Web/lib/DataRetriever/URLDataRetriever.php on line 481
[26-Nov-2014 14:17:50 America/New_York] PHP Deprecated:  preg_replace(): The /e modifier is deprecated, use preg_replace_callback instead in /home/fearon/kurogo-mw-1.8.3/Kurogo-Mobile-Web/lib/smarty/plugins/modifier.capitalize.php on line 26
[26-Nov-2014 14:18:01 America/New_York] PHP Warning:  file_get_contents(https://api.twitter.com/1/statuses/user_timeline.json?screen_name=kurogofwk&amp;trim_user=1): failed to open stream: HTTP request failed! HTTP/1.0 410 Gone
 in /home/fearon/kurogo-mw-1.8.3/Kurogo-Mobile-Web/lib/DataRetriever/URLDataRetriever.php on line 481
[26-Nov-2014 14:18:09 America/New_York] PHP Deprecated:  preg_replace(): The /e modifier is deprecated, use preg_replace_callback instead in /home/fearon/kurogo-mw-1.8.3/Kurogo-Mobile-Web/lib/smarty/plugins/modifier.capitalize.php on line 26
[26-Nov-2014 14:18:12 America/New_York] PHP Warning:  file_get_contents(https://api.twitter.com/1/statuses/user_timeline.json?screen_name=kurogofwk&amp;trim_user=1): failed to open stream: HTTP request failed! HTTP/1.0 410 Gone
 in /home/fearon/kurogo-mw-1.8.3/Kurogo-Mobile-Web/lib/DataRetriever/URLDataRetriever.php on line 481
[26-Nov-2014 14:18:27 America/New_York] PHP Warning:  SimpleXMLElement::__construct(): Entity: line 1513: parser error : CData section not finished
&lt;p&gt;&lt;img src=&quot;http://media.news.harvard.edu/gazette in /home/fearon/kurogo-mw-1.8.3/Kurogo-Mobile-Web/lib/DataParser/SimpleXMLDataParser.php on line 26
[26-Nov-2014 14:18:27 America/New_York] PHP Warning:  SimpleXMLElement::__construct():  was the subject that I described in the book. And one of the things that concer in /home/fearon/kurogo-mw-1.8.3/Kurogo-Mobile-Web/lib/DataParser/SimpleXMLDataParser.php on line 26
[26-Nov-2014 14:18:27 America/New_York] PHP Warning:  SimpleXMLElement::__construct():                                                                                ^ in /home/fearon/kurogo-mw-1.8.3/Kurogo-Mobile-Web/lib/DataParser/SimpleXMLDataParser.php on line 26
[26-Nov-2014 14:18:27 America/New_York] PHP Warning:  SimpleXMLElement::__construct(): Entity: line 1513: parser error : Premature end of data in tag encoded line 1505 in /home/fearon/kurogo-mw-1.8.3/Kurogo-Mobile-Web/lib/DataParser/SimpleXMLDataParser.php on line 26
[26-Nov-2014 14:18:27 America/New_York] PHP Warning:  SimpleXMLElement::__construct():  was the subject that I described in the book. And one of the things that concer in /home/fearon/kurogo-mw-1.8.3/Kurogo-Mobile-Web/lib/DataParser/SimpleXMLDataParser.php on line 26
[26-Nov-2014 14:18:27 America/New_York] PHP Warning:  SimpleXMLElement::__construct():                                                                                ^ in /home/fearon/kurogo-mw-1.8.3/Kurogo-Mobile-Web/lib/DataParser/SimpleXMLDataParser.php on line 26
[26-Nov-2014 14:18:27 America/New_York] PHP Warning:  SimpleXMLElement::__construct(): Entity: line 1513: parser error : Premature end of data in tag item line 1490 in /home/fearon/kurogo-mw-1.8.3/Kurogo-Mobile-Web/lib/DataParser/SimpleXMLDataParser.php on line 26
[26-Nov-2014 14:18:27 America/New_York] PHP Warning:  SimpleXMLElement::__construct():  was the subject that I described in the book. And one of the things that concer in /home/fearon/kurogo-mw-1.8.3/Kurogo-Mobile-Web/lib/DataParser/SimpleXMLDataParser.php on line 26
[26-Nov-2014 14:18:27 America/New_York] PHP Warning:  SimpleXMLElement::__construct():                                                                                ^ in /home/fearon/kurogo-mw-1.8.3/Kurogo-Mobile-Web/lib/DataParser/SimpleXMLDataParser.php on line 26
[26-Nov-2014 14:18:27 America/New_York] PHP Warning:  SimpleXMLElement::__construct(): Entity: line 1513: parser error : Premature end of data in tag channel line 10 in /home/fearon/kurogo-mw-1.8.3/Kurogo-Mobile-Web/lib/DataParser/SimpleXMLDataParser.php on line 26
[26-Nov-2014 14:18:27 America/New_York] PHP Warning:  SimpleXMLElement::__construct():  was the subject that I described in the book. And one of the things that concer in /home/fearon/kurogo-mw-1.8.3/Kurogo-Mobile-Web/lib/DataParser/SimpleXMLDataParser.php on line 26
[26-Nov-2014 14:18:27 America/New_York] PHP Warning:  SimpleXMLElement::__construct():                                                                                ^ in /home/fearon/kurogo-mw-1.8.3/Kurogo-Mobile-Web/lib/DataParser/SimpleXMLDataParser.php on line 26
[26-Nov-2014 14:18:27 America/New_York] PHP Warning:  SimpleXMLElement::__construct(): Entity: line 1513: parser error : Premature end of data in tag rss line 1 in /home/fearon/kurogo-mw-1.8.3/Kurogo-Mobile-Web/lib/DataParser/SimpleXMLDataParser.php on line 26
[26-Nov-2014 14:18:27 America/New_York] PHP Warning:  SimpleXMLElement::__construct():  was the subject that I described in the book. And one of the things that concer in /home/fearon/kurogo-mw-1.8.3/Kurogo-Mobile-Web/lib/DataParser/SimpleXMLDataParser.php on line 26
[26-Nov-2014 14:18:27 America/New_York] PHP Warning:  SimpleXMLElement::__construct():                                                                                ^ in /home/fearon/kurogo-mw-1.8.3/Kurogo-Mobile-Web/lib/DataParser/SimpleXMLDataParser.php on line 26
[26-Nov-2014 14:18:27 America/New_York] PHP Deprecated:  preg_replace(): The /e modifier is deprecated, use preg_replace_callback instead in /home/fearon/kurogo-mw-1.8.3/Kurogo-Mobile-Web/lib/smarty/plugins/modifier.capitalize.php on line 26
[26-Nov-2014 14:21:28 America/New_York] PHP Deprecated:  preg_replace(): The /e modifier is deprecated, use preg_replace_callback instead in /home/fearon/kurogo-mw-1.8.3/Kurogo-Mobile-Web/lib/smarty/plugins/modifier.capitalize.php on line 26
[26-Nov-2014 14:21:29 America/New_York] PHP Deprecated:  preg_replace(): The /e modifier is deprecated, use preg_replace_callback instead in /home/fearon/kurogo-mw-1.8.3/Kurogo-Mobile-Web/lib/smarty/plugins/modifier.capitalize.php on line 26
[26-Nov-2014 14:21:29 America/New_York] PHP Deprecated:  preg_replace(): The /e modifier is deprecated, use preg_replace_callback instead in /home/fearon/kurogo-mw-1.8.3/Kurogo-Mobile-Web/lib/smarty/plugins/modifier.capitalize.php on line 26
[26-Nov-2014 14:21:45 America/New_York] PHP Warning:  SimpleXMLElement::__construct(): Entity: line 1513: parser error : CData section not finished
&lt;p&gt;&lt;img src=&quot;http://media.news.harvard.edu/gazette in /home/fearon/kurogo-mw-1.8.3/Kurogo-Mobile-Web/lib/DataParser/SimpleXMLDataParser.php on line 26
[26-Nov-2014 14:21:45 America/New_York] PHP Warning:  SimpleXMLElement::__construct():  was the subject that I described in the book. And one of the things that concer in /home/fearon/kurogo-mw-1.8.3/Kurogo-Mobile-Web/lib/DataParser/SimpleXMLDataParser.php on line 26
[26-Nov-2014 14:21:45 America/New_York] PHP Warning:  SimpleXMLElement::__construct():                                                                                ^ in /home/fearon/kurogo-mw-1.8.3/Kurogo-Mobile-Web/lib/DataParser/SimpleXMLDataParser.php on line 26
[26-Nov-2014 14:21:45 America/New_York] PHP Warning:  SimpleXMLElement::__construct(): Entity: line 1513: parser error : Premature end of data in tag encoded line 1505 in /home/fearon/kurogo-mw-1.8.3/Kurogo-Mobile-Web/lib/DataParser/SimpleXMLDataParser.php on line 26
[26-Nov-2014 14:21:45 America/New_York] PHP Warning:  SimpleXMLElement::__construct():  was the subject that I described in the book. And one of the things that concer in /home/fearon/kurogo-mw-1.8.3/Kurogo-Mobile-Web/lib/DataParser/SimpleXMLDataParser.php on line 26
[26-Nov-2014 14:21:45 America/New_York] PHP Warning:  SimpleXMLElement::__construct():                                                                                ^ in /home/fearon/kurogo-mw-1.8.3/Kurogo-Mobile-Web/lib/DataParser/SimpleXMLDataParser.php on line 26
[26-Nov-2014 14:21:45 America/New_York] PHP Warning:  SimpleXMLElement::__construct(): Entity: line 1513: parser error : Premature end of data in tag item line 1490 in /home/fearon/kurogo-mw-1.8.3/Kurogo-Mobile-Web/lib/DataParser/SimpleXMLDataParser.php on line 26
[26-Nov-2014 14:21:45 America/New_York] PHP Warning:  SimpleXMLElement::__construct():  was the subject that I described in the book. And one of the things that concer in /home/fearon/kurogo-mw-1.8.3/Kurogo-Mobile-Web/lib/DataParser/SimpleXMLDataParser.php on line 26
[26-Nov-2014 14:21:45 America/New_York] PHP Warning:  SimpleXMLElement::__construct():                                                                                ^ in /home/fearon/kurogo-mw-1.8.3/Kurogo-Mobile-Web/lib/DataParser/SimpleXMLDataParser.php on line 26
[26-Nov-2014 14:21:45 America/New_York] PHP Warning:  SimpleXMLElement::__construct(): Entity: line 1513: parser error : Premature end of data in tag channel line 10 in /home/fearon/kurogo-mw-1.8.3/Kurogo-Mobile-Web/lib/DataParser/SimpleXMLDataParser.php on line 26
[26-Nov-2014 14:21:45 America/New_York] PHP Warning:  SimpleXMLElement::__construct():  was the subject that I described in the book. And one of the things that concer in /home/fearon/kurogo-mw-1.8.3/Kurogo-Mobile-Web/lib/DataParser/SimpleXMLDataParser.php on line 26
[26-Nov-2014 14:21:45 America/New_York] PHP Warning:  SimpleXMLElement::__construct():                                                                                ^ in /home/fearon/kurogo-mw-1.8.3/Kurogo-Mobile-Web/lib/DataParser/SimpleXMLDataParser.php on line 26
[26-Nov-2014 14:21:45 America/New_York] PHP Warning:  SimpleXMLElement::__construct(): Entity: line 1513: parser error : Premature end of data in tag rss line 1 in /home/fearon/kurogo-mw-1.8.3/Kurogo-Mobile-Web/lib/DataParser/SimpleXMLDataParser.php on line 26
[26-Nov-2014 14:21:45 America/New_York] PHP Warning:  SimpleXMLElement::__construct():  was the subject that I described in the book. And one of the things that concer in /home/fearon/kurogo-mw-1.8.3/Kurogo-Mobile-Web/lib/DataParser/SimpleXMLDataParser.php on line 26
[26-Nov-2014 14:21:45 America/New_York] PHP Warning:  SimpleXMLElement::__construct():                                                                                ^ in /home/fearon/kurogo-mw-1.8.3/Kurogo-Mobile-Web/lib/DataParser/SimpleXMLDataParser.php on line 26
[26-Nov-2014 14:21:45 America/New_York] PHP Deprecated:  preg_replace(): The /e modifier is deprecated, use preg_replace_callback instead in /home/fearon/kurogo-mw-1.8.3/Kurogo-Mobile-Web/lib/smarty/plugins/modifier.capitalize.php on line 26
[26-Nov-2014 14:21:49 America/New_York] PHP Deprecated:  preg_replace(): The /e modifier is deprecated, use preg_replace_callback instead in /home/fearon/kurogo-mw-1.8.3/Kurogo-Mobile-Web/lib/smarty/plugins/modifier.capitalize.php on line 26
[26-Nov-2014 14:21:55 America/New_York] PHP Deprecated:  preg_replace(): The /e modifier is deprecated, use preg_replace_callback instead in /home/fearon/kurogo-mw-1.8.3/Kurogo-Mobile-Web/lib/smarty/plugins/modifier.capitalize.php on line 26
[26-Nov-2014 14:22:29 America/New_York] PHP Warning:  SimpleXMLElement::__construct(): Entity: line 1513: parser error : CData section not finished
&lt;p&gt;&lt;img src=&quot;http://media.news.harvard.edu/gazette in /home/fearon/kurogo-mw-1.8.3/Kurogo-Mobile-Web/lib/DataParser/SimpleXMLDataParser.php on line 26
[26-Nov-2014 14:22:29 America/New_York] PHP Warning:  SimpleXMLElement::__construct():  was the subject that I described in the book. And one of the things that concer in /home/fearon/kurogo-mw-1.8.3/Kurogo-Mobile-Web/lib/DataParser/SimpleXMLDataParser.php on line 26
[26-Nov-2014 14:22:29 America/New_York] PHP Warning:  SimpleXMLElement::__construct():                                                                                ^ in /home/fearon/kurogo-mw-1.8.3/Kurogo-Mobile-Web/lib/DataParser/SimpleXMLDataParser.php on line 26
[26-Nov-2014 14:22:29 America/New_York] PHP Warning:  SimpleXMLElement::__construct(): Entity: line 1513: parser error : Premature end of data in tag encoded line 1505 in /home/fearon/kurogo-mw-1.8.3/Kurogo-Mobile-Web/lib/DataParser/SimpleXMLDataParser.php on line 26
[26-Nov-2014 14:22:29 America/New_York] PHP Warning:  SimpleXMLElement::__construct():  was the subject that I described in the book. And one of the things that concer in /home/fearon/kurogo-mw-1.8.3/Kurogo-Mobile-Web/lib/DataParser/SimpleXMLDataParser.php on line 26
[26-Nov-2014 14:22:29 America/New_York] PHP Warning:  SimpleXMLElement::__construct():                                                                                ^ in /home/fearon/kurogo-mw-1.8.3/Kurogo-Mobile-Web/lib/DataParser/SimpleXMLDataParser.php on line 26
[26-Nov-2014 14:22:29 America/New_York] PHP Warning:  SimpleXMLElement::__construct(): Entity: line 1513: parser error : Premature end of data in tag item line 1490 in /home/fearon/kurogo-mw-1.8.3/Kurogo-Mobile-Web/lib/DataParser/SimpleXMLDataParser.php on line 26
[26-Nov-2014 14:22:29 America/New_York] PHP Warning:  SimpleXMLElement::__construct():  was the subject that I described in the book. And one of the things that concer in /home/fearon/kurogo-mw-1.8.3/Kurogo-Mobile-Web/lib/DataParser/SimpleXMLDataParser.php on line 26
[26-Nov-2014 14:22:29 America/New_York] PHP Warning:  SimpleXMLElement::__construct():                                                                                ^ in /home/fearon/kurogo-mw-1.8.3/Kurogo-Mobile-Web/lib/DataParser/SimpleXMLDataParser.php on line 26
[26-Nov-2014 14:22:29 America/New_York] PHP Warning:  SimpleXMLElement::__construct(): Entity: line 1513: parser error : Premature end of data in tag channel line 10 in /home/fearon/kurogo-mw-1.8.3/Kurogo-Mobile-Web/lib/DataParser/SimpleXMLDataParser.php on line 26
[26-Nov-2014 14:22:29 America/New_York] PHP Warning:  SimpleXMLElement::__construct():  was the subject that I described in the book. And one of the things that concer in /home/fearon/kurogo-mw-1.8.3/Kurogo-Mobile-Web/lib/DataParser/SimpleXMLDataParser.php on line 26
[26-Nov-2014 14:22:29 America/New_York] PHP Warning:  SimpleXMLElement::__construct():                                                                                ^ in /home/fearon/kurogo-mw-1.8.3/Kurogo-Mobile-Web/lib/DataParser/SimpleXMLDataParser.php on line 26
[26-Nov-2014 14:22:29 America/New_York] PHP Warning:  SimpleXMLElement::__construct(): Entity: line 1513: parser error : Premature end of data in tag rss line 1 in /home/fearon/kurogo-mw-1.8.3/Kurogo-Mobile-Web/lib/DataParser/SimpleXMLDataParser.php on line 26
[26-Nov-2014 14:22:29 America/New_York] PHP Warning:  SimpleXMLElement::__construct():  was the subject that I described in the book. And one of the things that concer in /home/fearon/kurogo-mw-1.8.3/Kurogo-Mobile-Web/lib/DataParser/SimpleXMLDataParser.php on line 26
[26-Nov-2014 14:22:29 America/New_York] PHP Warning:  SimpleXMLElement::__construct():                                                                                ^ in /home/fearon/kurogo-mw-1.8.3/Kurogo-Mobile-Web/lib/DataParser/SimpleXMLDataParser.php on line 26
[26-Nov-2014 14:22:29 America/New_York] PHP Deprecated:  preg_replace(): The /e modifier is deprecated, use preg_replace_callback instead in /home/fearon/kurogo-mw-1.8.3/Kurogo-Mobile-Web/lib/smarty/plugins/modifier.capitalize.php on line 26
[26-Nov-2014 14:23:04 America/New_York] PHP Deprecated:  preg_replace(): The /e modifier is deprecated, use preg_replace_callback instead in /home/fearon/kurogo-mw-1.8.3/Kurogo-Mobile-Web/lib/smarty/plugins/modifier.capitalize.php on line 26
[26-Nov-2014 14:23:04 America/New_York] PHP Deprecated:  preg_replace(): The /e modifier is deprecated, use preg_replace_callback instead in /home/fearon/kurogo-mw-1.8.3/Kurogo-Mobile-Web/lib/smarty/plugins/modifier.capitalize.php on line 26
[26-Nov-2014 14:23:04 America/New_York] PHP Warning:  SimpleXMLElement::__construct(): Entity: line 1513: parser error : CData section not finished
&lt;p&gt;&lt;img src=&quot;http://media.news.harvard.edu/gazette in /home/fearon/kurogo-mw-1.8.3/Kurogo-Mobile-Web/lib/DataParser/SimpleXMLDataParser.php on line 26
[26-Nov-2014 14:23:04 America/New_York] PHP Warning:  SimpleXMLElement::__construct():  was the subject that I described in the book. And one of the things that concer in /home/fearon/kurogo-mw-1.8.3/Kurogo-Mobile-Web/lib/DataParser/SimpleXMLDataParser.php on line 26
[26-Nov-2014 14:23:04 America/New_York] PHP Warning:  SimpleXMLElement::__construct():                                                                                ^ in /home/fearon/kurogo-mw-1.8.3/Kurogo-Mobile-Web/lib/DataParser/SimpleXMLDataParser.php on line 26
[26-Nov-2014 14:23:04 America/New_York] PHP Warning:  SimpleXMLElement::__construct(): Entity: line 1513: parser error : Premature end of data in tag encoded line 1505 in /home/fearon/kurogo-mw-1.8.3/Kurogo-Mobile-Web/lib/DataParser/SimpleXMLDataParser.php on line 26
[26-Nov-2014 14:23:04 America/New_York] PHP Warning:  SimpleXMLElement::__construct():  was the subject that I described in the book. And one of the things that concer in /home/fearon/kurogo-mw-1.8.3/Kurogo-Mobile-Web/lib/DataParser/SimpleXMLDataParser.php on line 26
[26-Nov-2014 14:23:04 America/New_York] PHP Warning:  SimpleXMLElement::__construct():                                                                                ^ in /home/fearon/kurogo-mw-1.8.3/Kurogo-Mobile-Web/lib/DataParser/SimpleXMLDataParser.php on line 26
[26-Nov-2014 14:23:04 America/New_York] PHP Warning:  SimpleXMLElement::__construct(): Entity: line 1513: parser error : Premature end of data in tag item line 1490 in /home/fearon/kurogo-mw-1.8.3/Kurogo-Mobile-Web/lib/DataParser/SimpleXMLDataParser.php on line 26
[26-Nov-2014 14:23:04 America/New_York] PHP Warning:  SimpleXMLElement::__construct():  was the subject that I described in the book. And one of the things that concer in /home/fearon/kurogo-mw-1.8.3/Kurogo-Mobile-Web/lib/DataParser/SimpleXMLDataParser.php on line 26
[26-Nov-2014 14:23:04 America/New_York] PHP Warning:  SimpleXMLElement::__construct():                                                                                ^ in /home/fearon/kurogo-mw-1.8.3/Kurogo-Mobile-Web/lib/DataParser/SimpleXMLDataParser.php on line 26
[26-Nov-2014 14:23:04 America/New_York] PHP Warning:  SimpleXMLElement::__construct(): Entity: line 1513: parser error : Premature end of data in tag channel line 10 in /home/fearon/kurogo-mw-1.8.3/Kurogo-Mobile-Web/lib/DataParser/SimpleXMLDataParser.php on line 26
[26-Nov-2014 14:23:04 America/New_York] PHP Warning:  SimpleXMLElement::__construct():  was the subject that I described in the book. And one of the things that concer in /home/fearon/kurogo-mw-1.8.3/Kurogo-Mobile-Web/lib/DataParser/SimpleXMLDataParser.php on line 26
[26-Nov-2014 14:23:04 America/New_York] PHP Warning:  SimpleXMLElement::__construct():                                                                                ^ in /home/fearon/kurogo-mw-1.8.3/Kurogo-Mobile-Web/lib/DataParser/SimpleXMLDataParser.php on line 26
[26-Nov-2014 14:23:04 America/New_York] PHP Warning:  SimpleXMLElement::__construct(): Entity: line 1513: parser error : Premature end of data in tag rss line 1 in /home/fearon/kurogo-mw-1.8.3/Kurogo-Mobile-Web/lib/DataParser/SimpleXMLDataParser.php on line 26
[26-Nov-2014 14:23:04 America/New_York] PHP Warning:  SimpleXMLElement::__construct():  was the subject that I described in the book. And one of the things that concer in /home/fearon/kurogo-mw-1.8.3/Kurogo-Mobile-Web/lib/DataParser/SimpleXMLDataParser.php on line 26
[26-Nov-2014 14:23:04 America/New_York] PHP Warning:  SimpleXMLElement::__construct():                                                                                ^ in /home/fearon/kurogo-mw-1.8.3/Kurogo-Mobile-Web/lib/DataParser/SimpleXMLDataParser.php on line 26
[26-Nov-2014 14:23:09 America/New_York] PHP Deprecated:  preg_replace(): The /e modifier is deprecated, use preg_replace_callback instead in /home/fearon/kurogo-mw-1.8.3/Kurogo-Mobile-Web/lib/smarty/plugins/modifier.capitalize.php on line 26
[26-Nov-2014 14:24:34 America/New_York] PHP Deprecated:  preg_replace(): The /e modifier is deprecated, use preg_replace_callback instead in /home/fearon/kurogo-mw-1.8.3/Kurogo-Mobile-Web/lib/smarty/plugins/modifier.capitalize.php on line 26
[26-Nov-2014 14:24:35 America/New_York] PHP Deprecated:  preg_replace(): The /e modifier is deprecated, use preg_replace_callback instead in /home/fearon/kurogo-mw-1.8.3/Kurogo-Mobile-Web/lib/smarty/plugins/modifier.capitalize.php on line 26
[26-Nov-2014 15:13:45 America/New_York] PHP Deprecated:  preg_replace(): The /e modifier is deprecated, use preg_replace_callback instead in /home/fearon/kurogo-mw-1.8.3/Kurogo-Mobile-Web/lib/smarty/plugins/modifier.capitalize.php on line 26
[26-Nov-2014 15:13:50 America/New_York] PHP Deprecated:  preg_replace(): The /e modifier is deprecated, use preg_replace_callback instead in /home/fearon/kurogo-mw-1.8.3/Kurogo-Mobile-Web/lib/smarty/plugins/modifier.capitalize.php on line 26
[26-Nov-2014 15:13:53 America/New_York] PHP Deprecated:  preg_replace(): The /e modifier is deprecated, use preg_replace_callback instead in /home/fearon/kurogo-mw-1.8.3/Kurogo-Mobile-Web/lib/smarty/plugins/modifier.capitalize.php on line 26
[26-Nov-2014 15:13:59 America/New_York] PHP Deprecated:  preg_replace(): The /e modifier is deprecated, use preg_replace_callback instead in /home/fearon/kurogo-mw-1.8.3/Kurogo-Mobile-Web/lib/smarty/plugins/modifier.capitalize.php on line 26
[26-Nov-2014 15:14:02 America/New_York] PHP Deprecated:  preg_replace(): The /e modifier is deprecated, use preg_replace_callback instead in /home/fearon/kurogo-mw-1.8.3/Kurogo-Mobile-Web/lib/smarty/plugins/modifier.capitalize.php on line 26
[26-Nov-2014 15:15:33 America/New_York] PHP Deprecated:  preg_replace(): The /e modifier is deprecated, use preg_replace_callback instead in /home/fearon/kurogo-mw-1.8.3/Kurogo-Mobile-Web/lib/smarty/plugins/modifier.capitalize.php on line 26
[26-Nov-2014 15:15:41 America/New_York] PHP Deprecated:  preg_replace(): The /e modifier is deprecated, use preg_replace_callback instead in /home/fearon/kurogo-mw-1.8.3/Kurogo-Mobile-Web/lib/smarty/plugins/modifier.capitalize.php on line 26
[26-Nov-2014 15:15:44 America/New_York] PHP Deprecated:  preg_replace(): The /e modifier is deprecated, use preg_replace_callback instead in /home/fearon/kurogo-mw-1.8.3/Kurogo-Mobile-Web/lib/smarty/plugins/modifier.capitalize.php on line 26
[26-Nov-2014 15:15:48 America/New_York] PHP Warning:  file_get_contents(https://api.twitter.com/1/statuses/user_timeline.json?screen_name=kurogofwk&amp;trim_user=1): failed to open stream: HTTP request failed! HTTP/1.0 410 Gone
 in /home/fearon/kurogo-mw-1.8.3/Kurogo-Mobile-Web/lib/DataRetriever/URLDataRetriever.php on line 481
[26-Nov-2014 15:15:48 America/New_York] PHP Deprecated:  preg_replace(): The /e modifier is deprecated, use preg_replace_callback instead in /home/fearon/kurogo-mw-1.8.3/Kurogo-Mobile-Web/lib/smarty/plugins/modifier.capitalize.php on line 26
[26-Nov-2014 15:15:48 America/New_York] PHP Warning:  file_get_contents(https://api.twitter.com/1/statuses/user_timeline.json?screen_name=kurogofwk&amp;trim_user=1): failed to open stream: HTTP request failed! HTTP/1.0 410 Gone
 in /home/fearon/kurogo-mw-1.8.3/Kurogo-Mobile-Web/lib/DataRetriever/URLDataRetriever.php on line 481
[26-Nov-2014 15:15:48 America/New_York] PHP Deprecated:  preg_replace(): The /e modifier is deprecated, use preg_replace_callback instead in /home/fearon/kurogo-mw-1.8.3/Kurogo-Mobile-Web/lib/smarty/plugins/modifier.capitalize.php on line 26
[26-Nov-2014 15:15:49 America/New_York] PHP Warning:  file_get_contents(https://api.twitter.com/1/statuses/user_timeline.json?screen_name=kurogofwk&amp;trim_user=1): failed to open stream: HTTP request failed! HTTP/1.0 410 Gone
 in /home/fearon/kurogo-mw-1.8.3/Kurogo-Mobile-Web/lib/DataRetriever/URLDataRetriever.php on line 481
[26-Nov-2014 15:15:49 America/New_York] PHP Deprecated:  preg_replace(): The /e modifier is deprecated, use preg_replace_callback instead in /home/fearon/kurogo-mw-1.8.3/Kurogo-Mobile-Web/lib/smarty/plugins/modifier.capitalize.php on line 26
[26-Nov-2014 15:15:52 America/New_York] PHP Warning:  file_get_contents(https://api.twitter.com/1/statuses/user_timeline.json?screen_name=kurogofwk&amp;trim_user=1): failed to open stream: HTTP request failed! HTTP/1.0 410 Gone
 in /home/fearon/kurogo-mw-1.8.3/Kurogo-Mobile-Web/lib/DataRetriever/URLDataRetriever.php on line 481
[26-Nov-2014 15:15:52 America/New_York] PHP Deprecated:  preg_replace(): The /e modifier is deprecated, use preg_replace_callback instead in /home/fearon/kurogo-mw-1.8.3/Kurogo-Mobile-Web/lib/smarty/plugins/modifier.capitalize.php on line 26
[26-Nov-2014 15:15:54 America/New_York] PHP Warning:  file_get_contents(https://api.twitter.com/1/statuses/user_timeline.json?screen_name=kurogofwk&amp;trim_user=1): failed to open stream: HTTP request failed! HTTP/1.0 410 Gone
 in /home/fearon/kurogo-mw-1.8.3/Kurogo-Mobile-Web/lib/DataRetriever/URLDataRetriever.php on line 481
[26-Nov-2014 15:15:54 America/New_York] PHP Deprecated:  preg_replace(): The /e modifier is deprecated, use preg_replace_callback instead in /home/fearon/kurogo-mw-1.8.3/Kurogo-Mobile-Web/lib/smarty/plugins/modifier.capitalize.php on line 26
[26-Nov-2014 15:16:10 America/New_York] PHP Deprecated:  preg_replace(): The /e modifier is deprecated, use preg_replace_callback instead in /home/fearon/kurogo-mw-1.8.3/Kurogo-Mobile-Web/lib/smarty/plugins/modifier.capitalize.php on line 26
[26-Nov-2014 15:16:19 America/New_York] PHP Deprecated:  preg_replace(): The /e modifier is deprecated, use preg_replace_callback instead in /home/fearon/kurogo-mw-1.8.3/Kurogo-Mobile-Web/lib/smarty/plugins/modifier.capitalize.php on line 26
[28-Nov-2014 11:31:23 America/New_York] PHP Deprecated:  preg_replace(): The /e modifier is deprecated, use preg_replace_callback instead in /home/fearon/kurogo-mw-1.8.3/Kurogo-Mobile-Web/lib/smarty/plugins/modifier.capitalize.php on line 26
[28-Nov-2014 11:34:09 America/New_York] PHP Deprecated:  preg_replace(): The /e modifier is deprecated, use preg_replace_callback instead in /home/fearon/kurogo-mw-1.8.3/Kurogo-Mobile-Web/lib/smarty/plugins/modifier.capitalize.php on line 26
[28-Nov-2014 11:36:33 America/New_York] PHP Warning:  include(/home/fearon/kurogo-mw-1.8.3/sites/Universitas/cache/smarty/templates/compliant_android_unknown^6b01c394c292d9cd3817a881021e45cd66940802.file.index.tpl.php): failed to open stream: No such file or directory in /home/fearon/kurogo-mw-1.8.3/Kurogo-Mobile-Web/lib/smarty/sysplugins/smarty_internal_template.php on line 432
[28-Nov-2014 11:36:33 America/New_York] PHP Warning:  include(): Failed opening '/home/fearon/kurogo-mw-1.8.3/sites/Universitas/cache/smarty/templates/compliant_android_unknown^6b01c394c292d9cd3817a881021e45cd66940802.file.index.tpl.php' for inclusion (include_path='.:/usr/share/php:/usr/share/pear') in /home/fearon/kurogo-mw-1.8.3/Kurogo-Mobile-Web/lib/smarty/sysplugins/smarty_internal_template.php on line 432
[28-Nov-2014 11:36:33 America/New_York] PHP Deprecated:  preg_replace(): The /e modifier is deprecated, use preg_replace_callback instead in /home/fearon/kurogo-mw-1.8.3/Kurogo-Mobile-Web/lib/smarty/plugins/modifier.capitalize.php on line 26
[28-Nov-2014 11:36:33 America/New_York] PHP Deprecated:  preg_replace(): The /e modifier is deprecated, use preg_replace_callback instead in /home/fearon/kurogo-mw-1.8.3/Kurogo-Mobile-Web/lib/smarty/plugins/modifier.capitalize.php on line 26
[28-Nov-2014 11:37:03 America/New_York] PHP Deprecated:  preg_replace(): The /e modifier is deprecated, use preg_replace_callback instead in /home/fearon/kurogo-mw-1.8.3/Kurogo-Mobile-Web/lib/smarty/plugins/modifier.capitalize.php on line 26
[28-Nov-2014 11:39:44 America/New_York] PHP Deprecated:  preg_replace(): The /e modifier is deprecated, use preg_replace_callback instead in /home/fearon/kurogo-mw-1.8.3/Kurogo-Mobile-Web/lib/smarty/plugins/modifier.capitalize.php on line 26
[28-Nov-2014 11:39:50 America/New_York] PHP Deprecated:  preg_replace(): The /e modifier is deprecated, use preg_replace_callback instead in /home/fearon/kurogo-mw-1.8.3/Kurogo-Mobile-Web/lib/smarty/plugins/modifier.capitalize.php on line 26
[28-Nov-2014 11:39:51 America/New_York] PHP Deprecated:  preg_replace(): The /e modifier is deprecated, use preg_replace_callback instead in /home/fearon/kurogo-mw-1.8.3/Kurogo-Mobile-Web/lib/smarty/plugins/modifier.capitalize.php on line 26
[28-Nov-2014 11:40:29 America/New_York] PHP Deprecated:  preg_replace(): The /e modifier is deprecated, use preg_replace_callback instead in /home/fearon/kurogo-mw-1.8.3/Kurogo-Mobile-Web/lib/smarty/plugins/modifier.capitalize.php on line 26
[19-Dec-2014 16:34:06 America/New_York] PHP Deprecated:  preg_replace(): The /e modifier is deprecated, use preg_replace_callback instead in /home/fearon/kurogo-mw-1.8.3/Kurogo-Mobile-Web/lib/smarty/plugins/modifier.capitalize.php on line 26
[19-Dec-2014 16:34:23 America/New_York] PHP Deprecated:  preg_replace(): The /e modifier is deprecated, use preg_replace_callback instead in /home/fearon/kurogo-mw-1.8.3/Kurogo-Mobile-Web/lib/smarty/plugins/modifier.capitalize.php on line 26
[19-Dec-2014 16:34:25 America/New_York] PHP Warning:  file_get_contents(https://api.twitter.com/1/statuses/user_timeline.json?screen_name=kurogofwk&amp;trim_user=1): failed to open stream: HTTP request failed! HTTP/1.0 410 Gone
 in /home/fearon/kurogo-mw-1.8.3/Kurogo-Mobile-Web/lib/DataRetriever/URLDataRetriever.php on line 481
[19-Dec-2014 16:36:29 America/New_York] PHP Deprecated:  preg_replace(): The /e modifier is deprecated, use preg_replace_callback instead in /home/fearon/kurogo-mw-1.8.3/Kurogo-Mobile-Web/lib/smarty/plugins/modifier.capitalize.php on line 26
[19-Dec-2014 16:37:14 America/New_York] PHP Deprecated:  preg_replace(): The /e modifier is deprecated, use preg_replace_callback instead in /home/fearon/kurogo-mw-1.8.3/Kurogo-Mobile-Web/lib/smarty/plugins/modifier.capitalize.php on line 26
[19-Dec-2014 16:37:20 America/New_York] PHP Deprecated:  preg_replace(): The /e modifier is deprecated, use preg_replace_callback instead in /home/fearon/kurogo-mw-1.8.3/Kurogo-Mobile-Web/lib/smarty/plugins/modifier.capitalize.php on line 26
[19-Dec-2014 16:37:23 America/New_York] PHP Warning:  file_get_contents(https://api.twitter.com/1/statuses/user_timeline.json?screen_name=kurogofwk&amp;trim_user=1): failed to open stream: HTTP request failed! HTTP/1.0 410 Gone
 in /home/fearon/kurogo-mw-1.8.3/Kurogo-Mobile-Web/lib/DataRetriever/URLDataRetriever.php on line 481
[19-Dec-2014 16:37:25 America/New_York] PHP Deprecated:  preg_replace(): The /e modifier is deprecated, use preg_replace_callback instead in /home/fearon/kurogo-mw-1.8.3/Kurogo-Mobile-Web/lib/smarty/plugins/modifier.capitalize.php on line 26
[24-Dec-2014 17:25:17 America/New_York] PHP Deprecated:  preg_replace(): The /e modifier is deprecated, use preg_replace_callback instead in /home/fearon/kurogo-mw-1.8.3/Kurogo-Mobile-Web/lib/smarty/plugins/modifier.capitalize.php on line 26
[24-Dec-2014 17:47:20 America/New_York] PHP Deprecated:  preg_replace(): The /e modifier is deprecated, use preg_replace_callback instead in /home/fearon/kurogo-mw-1.8.3/Kurogo-Mobile-Web/lib/smarty/plugins/modifier.capitalize.php on line 26
[24-Dec-2014 17:47:21 America/New_York] PHP Warning:  file_get_contents(https://api.twitter.com/1/statuses/user_timeline.json?screen_name=kurogofwk&amp;trim_user=1): failed to open stream: HTTP request failed! HTTP/1.0 410 Gone
 in /home/fearon/kurogo-mw-1.8.3/Kurogo-Mobile-Web/lib/DataRetriever/URLDataRetriever.php on line 481
[24-Dec-2014 17:47:23 America/New_York] PHP Warning:  file_get_contents(http://media.news.harvard.edu/gazette/wp-content/uploads/2014/10/101414_CivilDGF_005_140.jpg): failed to open stream: HTTP request failed! HTTP/1.1 403 Forbidden
 in /home/fearon/kurogo-mw-1.8.3/Kurogo-Mobile-Web/lib/DataRetriever/URLDataRetriever.php on line 481
[24-Dec-2014 20:54:06 America/New_York] PHP Deprecated:  preg_replace(): The /e modifier is deprecated, use preg_replace_callback instead in /home/fearon/kurogo-mw-1.8.3/Kurogo-Mobile-Web/lib/smarty/plugins/modifier.capitalize.php on line 26
[27-Dec-2014 13:28:53 America/New_York] PHP Deprecated:  preg_replace(): The /e modifier is deprecated, use preg_replace_callback instead in /home/fearon/kurogo-mw-1.8.3/Kurogo-Mobile-Web/lib/smarty/plugins/modifier.capitalize.php on line 26
[27-Dec-2014 13:31:09 America/New_York] PHP Deprecated:  preg_replace(): The /e modifier is deprecated, use preg_replace_callback instead in /home/fearon/kurogo-mw-1.8.3/Kurogo-Mobile-Web/lib/smarty/plugins/modifier.capitalize.php on line 26
[27-Dec-2014 13:31:14 America/New_York] PHP Warning:  file_get_contents(https://api.twitter.com/1/statuses/user_timeline.json?screen_name=kurogofwk&amp;trim_user=1): failed to open stream: HTTP request failed! HTTP/1.0 410 Gone
 in /home/fearon/kurogo-mw-1.8.3/Kurogo-Mobile-Web/lib/DataRetriever/URLDataRetriever.php on line 481
[27-Dec-2014 13:31:15 America/New_York] PHP Warning:  file_get_contents(http://media.news.harvard.edu/gazette/wp-content/uploads/2014/10/101414_CivilDGF_005_140.jpg): failed to open stream: HTTP request failed! HTTP/1.1 403 Forbidden
 in /home/fearon/kurogo-mw-1.8.3/Kurogo-Mobile-Web/lib/DataRetriever/URLDataRetriever.php on line 481
[27-Dec-2014 14:23:53 America/New_York] PHP Deprecated:  preg_replace(): The /e modifier is deprecated, use preg_replace_callback instead in /home/fearon/kurogo-mw-1.8.3/Kurogo-Mobile-Web/lib/smarty/plugins/modifier.capitalize.php on line 26
[27-Dec-2014 14:24:02 America/New_York] PHP Deprecated:  preg_replace(): The /e modifier is deprecated, use preg_replace_callback instead in /home/fearon/kurogo-mw-1.8.3/Kurogo-Mobile-Web/lib/smarty/plugins/modifier.capitalize.php on line 26
[27-Dec-2014 14:26:42 America/New_York] PHP Deprecated:  preg_replace(): The /e modifier is deprecated, use preg_replace_callback instead in /home/fearon/kurogo-mw-1.8.3/Kurogo-Mobile-Web/lib/smarty/plugins/modifier.capitalize.php on line 26
[27-Dec-2014 14:26:46 America/New_York] PHP Deprecated:  preg_replace(): The /e modifier is deprecated, use preg_replace_callback instead in /home/fearon/kurogo-mw-1.8.3/Kurogo-Mobile-Web/lib/smarty/plugins/modifier.capitalize.php on line 26
[27-Dec-2014 14:26:57 America/New_York] PHP Deprecated:  preg_replace(): The /e modifier is deprecated, use preg_replace_callback instead in /home/fearon/kurogo-mw-1.8.3/Kurogo-Mobile-Web/lib/smarty/plugins/modifier.capitalize.php on line 26
[27-Dec-2014 14:28:24 America/New_York] PHP Deprecated:  preg_replace(): The /e modifier is deprecated, use preg_replace_callback instead in /home/fearon/kurogo-mw-1.8.3/Kurogo-Mobile-Web/lib/smarty/plugins/modifier.capitalize.php on line 26
[27-Dec-2014 14:28:29 America/New_York] PHP Deprecated:  preg_replace(): The /e modifier is deprecated, use preg_replace_callback instead in /home/fearon/kurogo-mw-1.8.3/Kurogo-Mobile-Web/lib/smarty/plugins/modifier.capitalize.php on line 26
[27-Dec-2014 14:28:34 America/New_York] PHP Deprecated:  preg_replace(): The /e modifier is deprecated, use preg_replace_callback instead in /home/fearon/kurogo-mw-1.8.3/Kurogo-Mobile-Web/lib/smarty/plugins/modifier.capitalize.php on line 26
[27-Dec-2014 14:28:41 America/New_York] PHP Deprecated:  preg_replace(): The /e modifier is deprecated, use preg_replace_callback instead in /home/fearon/kurogo-mw-1.8.3/Kurogo-Mobile-Web/lib/smarty/plugins/modifier.capitalize.php on line 26
[27-Dec-2014 14:28:48 America/New_York] PHP Deprecated:  preg_replace(): The /e modifier is deprecated, use preg_replace_callback instead in /home/fearon/kurogo-mw-1.8.3/Kurogo-Mobile-Web/lib/smarty/plugins/modifier.capitalize.php on line 26
[27-Dec-2014 14:28:50 America/New_York] PHP Deprecated:  preg_replace(): The /e modifier is deprecated, use preg_replace_callback instead in /home/fearon/kurogo-mw-1.8.3/Kurogo-Mobile-Web/lib/smarty/plugins/modifier.capitalize.php on line 26
[27-Dec-2014 14:29:28 America/New_York] PHP Deprecated:  preg_replace(): The /e modifier is deprecated, use preg_replace_callback instead in /home/fearon/kurogo-mw-1.8.3/Kurogo-Mobile-Web/lib/smarty/plugins/modifier.capitalize.php on line 26
[27-Dec-2014 14:29:38 America/New_York] PHP Deprecated:  preg_replace(): The /e modifier is deprecated, use preg_replace_callback instead in /home/fearon/kurogo-mw-1.8.3/Kurogo-Mobile-Web/lib/smarty/plugins/modifier.capitalize.php on line 26
