[Fri 11 21 19:47:26 2014]	maps:Warning	MapWebModule->getCurrentFeed@246	/map/	Warning: unable to find feed data for feed 
[Fri 11 21 19:47:26 2014]	maps:Warning	MapWebModule->getCurrentFeed@246	/map/	Warning: unable to find feed data for feed 
[Fri 11 21 19:47:47 2014]	exception:Alert	include@19	/people/	A KurogoException has occured: LDAP PHP extension is not installed
[Sat 11 22 01:28:54 2014]	exception:Alert	include@19	/people/	A KurogoException has occured: LDAP PHP extension is not installed
[Sat 11 22 01:34:23 2014]	url_retriever:Warning	URLDataRetriever->retrieveResponse@508	/home/pane?id=social&ajax=1	Gone for https://api.twitter.com/1/statuses/user_timeline.json?screen_name=kurogofwk&trim_user=1
[Sat 11 22 01:58:54 2014]	url_retriever:Warning	URLDataRetriever->retrieveResponse@508	/social/	Gone for https://api.twitter.com/1/statuses/user_timeline.json?screen_name=kurogofwk&trim_user=1
[Sat 11 22 15:30:51 2014]	url_retriever:Warning	URLDataRetriever->retrieveResponse@508	/home/pane?id=social&ajax=1	Gone for https://api.twitter.com/1/statuses/user_timeline.json?screen_name=kurogofwk&trim_user=1
[Sat 11 22 15:31:17 2014]	url_retriever:Warning	URLDataRetriever->retrieveResponse@508	/home/pane?id=social&ajax=1	Gone for https://api.twitter.com/1/statuses/user_timeline.json?screen_name=kurogofwk&trim_user=1
[Sat 11 22 15:33:13 2014]	url_retriever:Warning	URLDataRetriever->retrieveResponse@508	/home/pane?id=social&ajax=1	Gone for https://api.twitter.com/1/statuses/user_timeline.json?screen_name=kurogofwk&trim_user=1
[Sat 11 22 15:48:28 2014]	maps:Warning	MapWebModule->getCurrentFeed@246	/map/index?group=campus&_b=%5B%7B%22t%22%3A%22Map%22%2C%22lt%22%3A%22Map%22%2C%22p%22%3A%22index%22%2C%22a%22%3A%22%22%7D%5D	Warning: unable to find feed data for feed 
[Sat 11 22 15:48:28 2014]	maps:Warning	MapWebModule->getCurrentFeed@246	/map/index?group=campus&_b=%5B%7B%22t%22%3A%22Map%22%2C%22lt%22%3A%22Map%22%2C%22p%22%3A%22index%22%2C%22a%22%3A%22%22%7D%5D	Warning: unable to find feed data for feed 
[Sat 11 22 15:48:36 2014]	url_retriever:Warning	URLDataRetriever->retrieveResponse@508	/home/pane?id=social&ajax=1	Gone for https://api.twitter.com/1/statuses/user_timeline.json?screen_name=kurogofwk&trim_user=1
[Sat 11 22 16:33:37 2014]	url_retriever:Warning	URLDataRetriever->retrieveResponse@508	/home/pane?id=social&ajax=1	Gone for https://api.twitter.com/1/statuses/user_timeline.json?screen_name=kurogofwk&trim_user=1
[Sat 11 22 16:49:29 2014]	url_retriever:Warning	URLDataRetriever->retrieveResponse@508	/home/pane?id=social&ajax=1	Gone for https://api.twitter.com/1/statuses/user_timeline.json?screen_name=kurogofwk&trim_user=1
[Sat 11 22 17:12:23 2014]	url_retriever:Warning	URLDataRetriever->retrieveResponse@508	/home/pane?id=social&ajax=1	Gone for https://api.twitter.com/1/statuses/user_timeline.json?screen_name=kurogofwk&trim_user=1
[Sat 11 22 17:12:59 2014]	url_retriever:Warning	URLDataRetriever->retrieveResponse@508	/home/pane?id=social&ajax=1	Gone for https://api.twitter.com/1/statuses/user_timeline.json?screen_name=kurogofwk&trim_user=1
[Sat 11 22 17:14:05 2014]	url_retriever:Warning	URLDataRetriever->retrieveResponse@508	/home/pane?id=social&ajax=1	Gone for https://api.twitter.com/1/statuses/user_timeline.json?screen_name=kurogofwk&trim_user=1
[Sat 11 22 17:15:41 2014]	url_retriever:Warning	URLDataRetriever->retrieveResponse@508	/home/pane?id=social&ajax=1	Gone for https://api.twitter.com/1/statuses/user_timeline.json?screen_name=kurogofwk&trim_user=1
[Sat 11 22 17:17:06 2014]	url_retriever:Warning	URLDataRetriever->retrieveResponse@508	/home/pane?id=social&ajax=1	Gone for https://api.twitter.com/1/statuses/user_timeline.json?screen_name=kurogofwk&trim_user=1
[Sat 11 22 17:17:08 2014]	url_retriever:Warning	URLDataRetriever->retrieveResponse@508	/home/pane?id=social&ajax=1	Gone for https://api.twitter.com/1/statuses/user_timeline.json?screen_name=kurogofwk&trim_user=1
[Sat 11 22 17:17:10 2014]	url_retriever:Warning	URLDataRetriever->retrieveResponse@508	/home/pane?id=social&ajax=1	Gone for https://api.twitter.com/1/statuses/user_timeline.json?screen_name=kurogofwk&trim_user=1
[Sat 11 22 17:17:11 2014]	exception:Alert	include@19	/people/	A KurogoException has occured: LDAP PHP extension is not installed
[Sat 11 22 17:17:39 2014]	url_retriever:Warning	URLDataRetriever->retrieveResponse@508	/home/pane?id=social&ajax=1	Gone for https://api.twitter.com/1/statuses/user_timeline.json?screen_name=kurogofwk&trim_user=1
[Sat 11 22 17:18:02 2014]	url_retriever:Warning	URLDataRetriever->retrieveResponse@508	/home/pane?id=social&ajax=1	Gone for https://api.twitter.com/1/statuses/user_timeline.json?screen_name=kurogofwk&trim_user=1
[Sat 11 22 17:18:09 2014]	exception:Alert	include@19	/people/	A KurogoException has occured: LDAP PHP extension is not installed
[Sat 11 22 17:36:59 2014]	url_retriever:Warning	URLDataRetriever->retrieveResponse@508	/social/	Gone for https://api.twitter.com/1/statuses/user_timeline.json?screen_name=kurogofwk&trim_user=1
[Sat 11 22 17:37:19 2014]	exception:Alert	include@19	/people/	A KurogoException has occured: LDAP PHP extension is not installed
[Sat 11 22 17:37:37 2014]	exception:Alert	include@19	/people/index	A KurogoException has occured: LDAP PHP extension is not installed
[Wed 11 26 13:33:52 2014]	url_retriever:Warning	URLDataRetriever->retrieveResponse@508	/home/pane?id=social&ajax=1	Gone for https://api.twitter.com/1/statuses/user_timeline.json?screen_name=kurogofwk&trim_user=1
[Wed 11 26 14:00:11 2014]	exception:Alert	include@19	/people/	A KurogoException has occured: LDAP PHP extension is not installed
[Wed 11 26 14:00:56 2014]	exception:Alert	include@19	/people/	A KurogoException has occured: LDAP PHP extension is not installed
[Wed 11 26 14:01:04 2014]	url_retriever:Warning	URLDataRetriever->retrieveResponse@508	/home/pane?id=social&ajax=1	Gone for https://api.twitter.com/1/statuses/user_timeline.json?screen_name=kurogofwk&trim_user=1
[Wed 11 26 14:03:46 2014]	exception:Alert	Module::factory@130	/homr/	A KurogoModuleNotFound has occured: Module homr not found
[Wed 11 26 14:04:14 2014]	url_retriever:Warning	URLDataRetriever->retrieveResponse@508	/home/pane?id=social&ajax=1	Gone for https://api.twitter.com/1/statuses/user_timeline.json?screen_name=kurogofwk&trim_user=1
[Wed 11 26 14:14:48 2014]	url_retriever:Warning	URLDataRetriever->retrieveResponse@508	/home/pane?id=social&ajax=1	Gone for https://api.twitter.com/1/statuses/user_timeline.json?screen_name=kurogofwk&trim_user=1
[Wed 11 26 14:15:24 2014]	url_retriever:Warning	URLDataRetriever->retrieveResponse@508	/home/pane?id=social&ajax=1	Gone for https://api.twitter.com/1/statuses/user_timeline.json?screen_name=kurogofwk&trim_user=1
[Wed 11 26 14:17:20 2014]	url_retriever:Warning	URLDataRetriever->retrieveResponse@508	/home/pane?id=social&ajax=1	Gone for https://api.twitter.com/1/statuses/user_timeline.json?screen_name=kurogofwk&trim_user=1
[Wed 11 26 14:17:25 2014]	url_retriever:Warning	URLDataRetriever->retrieveResponse@508	/home/pane?id=social&ajax=1	Gone for https://api.twitter.com/1/statuses/user_timeline.json?screen_name=kurogofwk&trim_user=1
[Wed 11 26 14:18:01 2014]	url_retriever:Warning	URLDataRetriever->retrieveResponse@508	/home/pane?id=social&ajax=1	Gone for https://api.twitter.com/1/statuses/user_timeline.json?screen_name=kurogofwk&trim_user=1
[Wed 11 26 14:18:12 2014]	url_retriever:Warning	URLDataRetriever->retrieveResponse@508	/home/pane?id=social&ajax=1	Gone for https://api.twitter.com/1/statuses/user_timeline.json?screen_name=kurogofwk&trim_user=1
[Wed 11 26 14:21:49 2014]	exception:Alert	include@19	/people/	A KurogoException has occured: LDAP PHP extension is not installed
[Wed 11 26 14:23:04 2014]	module:Warning	HomeWebModule->runFederatedSearchForModule@145	/home/searchResult?id=people&filter=frryuhf.jn+kjy%F0%9F%98%88%F0%9F%98%92%F0%9F%98%8D%F0%9F%98%88%F0%9F%98%85&ajax=1	Federated search for module people failed: LDAP PHP extension is not installed
[Wed 11 26 15:13:45 2014]	exception:Alert	include@19	/people/	A KurogoException has occured: LDAP PHP extension is not installed
[Wed 11 26 15:13:45 2014]	exception:Alert	include@19	/people/	A KurogoException has occured: LDAP PHP extension is not installed
[Wed 11 26 15:13:45 2014]	exception:Alert	include@19	/people/	A KurogoException has occured: LDAP PHP extension is not installed
[Wed 11 26 15:15:48 2014]	url_retriever:Warning	URLDataRetriever->retrieveResponse@508	/social/	Gone for https://api.twitter.com/1/statuses/user_timeline.json?screen_name=kurogofwk&trim_user=1
[Wed 11 26 15:15:48 2014]	url_retriever:Warning	URLDataRetriever->retrieveResponse@508	/social/	Gone for https://api.twitter.com/1/statuses/user_timeline.json?screen_name=kurogofwk&trim_user=1
[Wed 11 26 15:15:49 2014]	url_retriever:Warning	URLDataRetriever->retrieveResponse@508	/social/	Gone for https://api.twitter.com/1/statuses/user_timeline.json?screen_name=kurogofwk&trim_user=1
[Wed 11 26 15:15:52 2014]	url_retriever:Warning	URLDataRetriever->retrieveResponse@508	/social/	Gone for https://api.twitter.com/1/statuses/user_timeline.json?screen_name=kurogofwk&trim_user=1
[Wed 11 26 15:15:54 2014]	url_retriever:Warning	URLDataRetriever->retrieveResponse@508	/social/	Gone for https://api.twitter.com/1/statuses/user_timeline.json?screen_name=kurogofwk&trim_user=1
[Wed 11 26 15:16:19 2014]	maps:Warning	MapWebModule->getCurrentFeed@246	/map/	Warning: unable to find feed data for feed 
[Wed 11 26 15:16:19 2014]	maps:Warning	MapWebModule->getCurrentFeed@246	/map/	Warning: unable to find feed data for feed 
[Fri 11 28 11:37:03 2014]	exception:Alert	include@19	/people/	A KurogoException has occured: LDAP PHP extension is not installed
[Fri 11 28 11:37:03 2014]	exception:Alert	include@19	/people/	A KurogoException has occured: LDAP PHP extension is not installed
[Fri 12 19 16:34:25 2014]	url_retriever:Warning	URLDataRetriever->retrieveResponse@508	/home/pane?id=social&ajax=1	Gone for https://api.twitter.com/1/statuses/user_timeline.json?screen_name=kurogofwk&trim_user=1
[Fri 12 19 16:37:13 2014]	exception:Alert	include@19	/people/	A KurogoException has occured: LDAP PHP extension is not installed
[Fri 12 19 16:37:23 2014]	url_retriever:Warning	URLDataRetriever->retrieveResponse@508	/home/pane?id=social&ajax=1	Gone for https://api.twitter.com/1/statuses/user_timeline.json?screen_name=kurogofwk&trim_user=1
[Fri 12 19 16:37:25 2014]	maps:Warning	MapWebModule->getCurrentFeed@246	/map/	Warning: unable to find feed data for feed 
[Fri 12 19 16:37:25 2014]	maps:Warning	MapWebModule->getCurrentFeed@246	/map/	Warning: unable to find feed data for feed 
[Wed 12 24 17:25:16 2014]	maps:Warning	MapWebModule->getCurrentFeed@246	/map/	Warning: unable to find feed data for feed 
[Wed 12 24 17:25:17 2014]	maps:Warning	MapWebModule->getCurrentFeed@246	/map/	Warning: unable to find feed data for feed 
[Sat 12 27 01:32:00 2014]	url_retriever:Warning	URLDataRetriever->retrieveResponse@508	/home/pane?id=social&ajax=1	Gone for https://api.twitter.com/1/statuses/user_timeline.json?screen_name=kurogofwk&trim_user=1
[Sat 12 27 01:32:01 2014]	url_retriever:Warning	URLDataRetriever->retrieveResponse@508	/fileloader/images/d726efb8ecb465dc79428512941b49a9.jpg	Forbidden for http://media.news.harvard.edu/gazette/wp-content/uploads/2014/10/101414_CivilDGF_005_140.jpg
[Sat 12 27 01:32:01 2014]	data:Warning	FileLoader::load@74	/fileloader/images/d726efb8ecb465dc79428512941b49a9.jpg	FileLoader failed to load 'http://media.news.harvard.edu/gazette/wp-content/uploads/2014/10/101414_CivilDGF_005_140.jpg'
[Sat 12 27 01:32:01 2014]	security:Warning	Watchdog->_safePath@144	/fileloader/images/d726efb8ecb465dc79428512941b49a9.jpg	WARNING! Blocking attempt from 127.0.0.1 to access unsafe path '/home/fearon/kurogo-mw-1.8.3/Kurogo-Mobile-Web/www'
[Sat 12 27 01:32:01 2014]	kurogo:Warning	_404@113	/fileloader/images/d726efb8ecb465dc79428512941b49a9.jpg	URL /fileloader/images/d726efb8ecb465dc79428512941b49a9.jpg not found
[Sat 12 27 12:26:01 2014]	exception:Alert	Module::factory@130	/phpadmin/	A KurogoModuleNotFound has occured: Module phpadmin not found
[Sat 12 27 12:26:53 2014]	exception:Alert	Module::factory@130	/phpmyadmin/	A KurogoModuleNotFound has occured: Module phpmyadmin not found
[Sat 12 27 12:27:12 2014]	exception:Alert	Module::factory@130	/phpmyadmin/	A KurogoModuleNotFound has occured: Module phpmyadmin not found
[Sat 12 27 12:30:03 2014]	url_retriever:Warning	URLDataRetriever->retrieveResponse@508	/home/pane?id=social&ajax=1	Gone for https://api.twitter.com/1/statuses/user_timeline.json?screen_name=kurogofwk&trim_user=1
[Sat 12 27 12:30:06 2014]	url_retriever:Warning	URLDataRetriever->retrieveResponse@508	/fileloader/images/d726efb8ecb465dc79428512941b49a9.jpg	Forbidden for http://media.news.harvard.edu/gazette/wp-content/uploads/2014/10/101414_CivilDGF_005_140.jpg
[Sat 12 27 12:30:06 2014]	data:Warning	FileLoader::load@74	/fileloader/images/d726efb8ecb465dc79428512941b49a9.jpg	FileLoader failed to load 'http://media.news.harvard.edu/gazette/wp-content/uploads/2014/10/101414_CivilDGF_005_140.jpg'
[Sat 12 27 12:30:06 2014]	security:Warning	Watchdog->_safePath@144	/fileloader/images/d726efb8ecb465dc79428512941b49a9.jpg	WARNING! Blocking attempt from 127.0.0.1 to access unsafe path '/home/fearon/kurogo-mw-1.8.3/Kurogo-Mobile-Web/www'
[Sat 12 27 12:30:06 2014]	kurogo:Warning	_404@113	/fileloader/images/d726efb8ecb465dc79428512941b49a9.jpg	URL /fileloader/images/d726efb8ecb465dc79428512941b49a9.jpg not found
[Sat 12 27 12:30:36 2014]	exception:Alert	Module::factory@130	/phpmyadmin/	A KurogoModuleNotFound has occured: Module phpmyadmin not found
[Sat 12 27 12:31:06 2014]	exception:Alert	Module::factory@130	/phpmyadmin/	A KurogoModuleNotFound has occured: Module phpmyadmin not found
[Sat 12 27 12:33:36 2014]	exception:Alert	Module::factory@130	/phpmyadmin/	A KurogoModuleNotFound has occured: Module phpmyadmin not found
[Sat 12 27 12:36:13 2014]	exception:Alert	Module::factory@130	//PhpMyAdmin/	A KurogoModuleNotFound has occured: Module PhpMyAdmin not found
[Sat 12 27 12:38:29 2014]	exception:Alert	ConfigFileStore->saveConfig@150	/rest/admin/setconfigdata	A KurogoConfigurationException has occured: Cannot save config file: /home/fearon/kurogo-mw-1.8.3/sites/MMBS/config/site.ini Check permissions
[Sat 12 27 12:38:41 2014]	exception:Alert	ConfigFileStore->saveConfig@150	/rest/admin/setconfigdata	A KurogoConfigurationException has occured: Cannot save config file: /home/fearon/kurogo-mw-1.8.3/sites/MMBS/config/site.ini Check permissions
[Sat 12 27 12:39:16 2014]	exception:Alert	ConfigFileStore->saveConfig@150	/rest/admin/setconfigdata	A KurogoConfigurationException has occured: Cannot save config file: /home/fearon/kurogo-mw-1.8.3/sites/MMBS/config/site.ini Check permissions
[Sat 12 27 12:45:39 2014]	exception:Alert	ConfigFileStore->saveConfig@150	/rest/admin/setconfigdata	A KurogoConfigurationException has occured: Cannot save config file: /home/fearon/kurogo-mw-1.8.3/sites/MMBS/config/site.ini Check permissions
[Sat 12 27 12:46:53 2014]	exception:Alert	ConfigFileStore->saveConfig@150	/rest/admin/setconfigdata	A KurogoConfigurationException has occured: Cannot save config file: /home/fearon/kurogo-mw-1.8.3/sites/MMBS/config/site.ini Check permissions
[Sat 12 27 12:47:22 2014]	exception:Alert	ConfigFileStore->saveConfig@150	/rest/admin/setconfigdata	A KurogoConfigurationException has occured: Cannot save config file: /home/fearon/kurogo-mw-1.8.3/sites/MMBS/config/site.ini Check permissions
[Sat 12 27 12:47:57 2014]	exception:Alert	ConfigFileStore->saveConfig@150	/rest/admin/setconfigdata	A KurogoConfigurationException has occured: Cannot save config file: /home/fearon/kurogo-mw-1.8.3/sites/MMBS/config/site.ini Check permissions
[Sat 12 27 12:48:39 2014]	exception:Alert	ConfigFileStore->saveConfig@150	/rest/admin/setconfigdata	A KurogoConfigurationException has occured: Cannot save config file: /home/fearon/kurogo-mw-1.8.3/sites/MMBS/config/site.ini Check permissions
[Sat 12 27 12:56:01 2014]	exception:Alert	Module::factory@118	/m.mmbs.edu/	A KurogoException has occured: Invalid Module Name
[Sat 12 27 12:56:13 2014]	exception:Alert	ConfigFileStore->saveConfig@150	/rest/admin/setconfigdata	A KurogoConfigurationException has occured: Cannot save config file: /home/fearon/kurogo-mw-1.8.3/sites/MMBS/config/site.ini Check permissions
[Sat 12 27 14:31:00 2014]	exception:Alert	ReflectionClass->__construct@194	/directory/	A ReflectionException has occured: Class DirectoryWebModule does not exist
[Sat 12 27 14:35:37 2014]	exception:Alert	ReflectionClass->__construct@194	/directory/index	A ReflectionException has occured: Class DirectoryWebModule does not exist
[Sat 12 27 14:35:38 2014]	exception:Alert	ReflectionClass->__construct@194	/directory/index	A ReflectionException has occured: Class DirectoryWebModule does not exist
[Sat 12 27 14:41:19 2014]	url_retriever:Warning	URLDataRetriever->retrieveResponse@508	/home/pane?id=social&ajax=1	Gone for https://api.twitter.com/1/statuses/user_timeline.json?screen_name=kurogofwk&trim_user=1
[Sat 12 27 14:41:22 2014]	url_retriever:Warning	URLDataRetriever->retrieveResponse@508	/fileloader/images/d726efb8ecb465dc79428512941b49a9.jpg	Forbidden for http://media.news.harvard.edu/gazette/wp-content/uploads/2014/10/101414_CivilDGF_005_140.jpg
[Sat 12 27 14:41:22 2014]	data:Warning	FileLoader::load@74	/fileloader/images/d726efb8ecb465dc79428512941b49a9.jpg	FileLoader failed to load 'http://media.news.harvard.edu/gazette/wp-content/uploads/2014/10/101414_CivilDGF_005_140.jpg'
[Sat 12 27 14:41:22 2014]	security:Warning	Watchdog->_safePath@144	/fileloader/images/d726efb8ecb465dc79428512941b49a9.jpg	WARNING! Blocking attempt from 127.0.0.1 to access unsafe path '/home/fearon/kurogo-mw-1.8.3/Kurogo-Mobile-Web/www'
[Sat 12 27 14:41:22 2014]	kurogo:Warning	_404@113	/fileloader/images/d726efb8ecb465dc79428512941b49a9.jpg	URL /fileloader/images/d726efb8ecb465dc79428512941b49a9.jpg not found
[Sat 12 27 14:41:25 2014]	url_retriever:Warning	URLDataRetriever->retrieveResponse@508	/home/pane?id=social&ajax=1	Gone for https://api.twitter.com/1/statuses/user_timeline.json?screen_name=kurogofwk&trim_user=1
[Sat 12 27 14:41:26 2014]	url_retriever:Warning	URLDataRetriever->retrieveResponse@508	/fileloader/images/d726efb8ecb465dc79428512941b49a9.jpg	Forbidden for http://media.news.harvard.edu/gazette/wp-content/uploads/2014/10/101414_CivilDGF_005_140.jpg
[Sat 12 27 14:41:26 2014]	data:Warning	FileLoader::load@74	/fileloader/images/d726efb8ecb465dc79428512941b49a9.jpg	FileLoader failed to load 'http://media.news.harvard.edu/gazette/wp-content/uploads/2014/10/101414_CivilDGF_005_140.jpg'
[Sat 12 27 14:41:26 2014]	security:Warning	Watchdog->_safePath@144	/fileloader/images/d726efb8ecb465dc79428512941b49a9.jpg	WARNING! Blocking attempt from 127.0.0.1 to access unsafe path '/home/fearon/kurogo-mw-1.8.3/Kurogo-Mobile-Web/www'
[Sat 12 27 14:41:26 2014]	kurogo:Warning	_404@113	/fileloader/images/d726efb8ecb465dc79428512941b49a9.jpg	URL /fileloader/images/d726efb8ecb465dc79428512941b49a9.jpg not found
[Sat 12 27 14:43:23 2014]	url_retriever:Warning	URLDataRetriever->retrieveResponse@508	/home/pane?id=social&ajax=1	Gone for https://api.twitter.com/1/statuses/user_timeline.json?screen_name=kurogofwk&trim_user=1
[Sat 12 27 14:43:23 2014]	url_retriever:Warning	URLDataRetriever->retrieveResponse@508	/fileloader/images/d726efb8ecb465dc79428512941b49a9.jpg	Forbidden for http://media.news.harvard.edu/gazette/wp-content/uploads/2014/10/101414_CivilDGF_005_140.jpg
[Sat 12 27 14:43:23 2014]	data:Warning	FileLoader::load@74	/fileloader/images/d726efb8ecb465dc79428512941b49a9.jpg	FileLoader failed to load 'http://media.news.harvard.edu/gazette/wp-content/uploads/2014/10/101414_CivilDGF_005_140.jpg'
[Sat 12 27 14:43:23 2014]	security:Warning	Watchdog->_safePath@144	/fileloader/images/d726efb8ecb465dc79428512941b49a9.jpg	WARNING! Blocking attempt from 127.0.0.1 to access unsafe path '/home/fearon/kurogo-mw-1.8.3/Kurogo-Mobile-Web/www'
[Sat 12 27 14:43:23 2014]	kurogo:Warning	_404@113	/fileloader/images/d726efb8ecb465dc79428512941b49a9.jpg	URL /fileloader/images/d726efb8ecb465dc79428512941b49a9.jpg not found
[Sat 12 27 14:43:27 2014]	exception:Alert	ReflectionClass->__construct@194	/directory/	A ReflectionException has occured: Class DirectoryWebModule does not exist
[Sat 12 27 15:17:46 2014]	url_retriever:Warning	URLDataRetriever->retrieveResponse@508	/home/pane?id=social&ajax=1	Gone for https://api.twitter.com/1/statuses/user_timeline.json?screen_name=kurogofwk&trim_user=1
[Sat 12 27 15:17:51 2014]	url_retriever:Warning	URLDataRetriever->retrieveResponse@508	/fileloader/images/d726efb8ecb465dc79428512941b49a9.jpg	Forbidden for http://media.news.harvard.edu/gazette/wp-content/uploads/2014/10/101414_CivilDGF_005_140.jpg
[Sat 12 27 15:17:51 2014]	data:Warning	FileLoader::load@74	/fileloader/images/d726efb8ecb465dc79428512941b49a9.jpg	FileLoader failed to load 'http://media.news.harvard.edu/gazette/wp-content/uploads/2014/10/101414_CivilDGF_005_140.jpg'
[Sat 12 27 15:17:51 2014]	security:Warning	Watchdog->_safePath@144	/fileloader/images/d726efb8ecb465dc79428512941b49a9.jpg	WARNING! Blocking attempt from 127.0.0.1 to access unsafe path '/home/fearon/kurogo-mw-1.8.3/Kurogo-Mobile-Web/www'
[Sat 12 27 15:17:51 2014]	kurogo:Warning	_404@113	/fileloader/images/d726efb8ecb465dc79428512941b49a9.jpg	URL /fileloader/images/d726efb8ecb465dc79428512941b49a9.jpg not found
[Sat 12 27 15:17:54 2014]	exception:Alert	include@19	/people/	A KurogoException has occured: LDAP PHP extension is not installed
[Sat 12 27 15:18:20 2014]	url_retriever:Warning	URLDataRetriever->retrieveResponse@508	/social/	Gone for https://api.twitter.com/1/statuses/user_timeline.json?screen_name=kurogofwk&trim_user=1
[Sat 12 27 15:19:14 2014]	url_retriever:Warning	URLDataRetriever->retrieveResponse@508	/home/pane?id=social&ajax=1	Gone for https://api.twitter.com/1/statuses/user_timeline.json?screen_name=kurogofwk&trim_user=1
[Sat 12 27 15:19:15 2014]	url_retriever:Warning	URLDataRetriever->retrieveResponse@508	/fileloader/images/d726efb8ecb465dc79428512941b49a9.jpg	Forbidden for http://media.news.harvard.edu/gazette/wp-content/uploads/2014/10/101414_CivilDGF_005_140.jpg
[Sat 12 27 15:19:15 2014]	data:Warning	FileLoader::load@74	/fileloader/images/d726efb8ecb465dc79428512941b49a9.jpg	FileLoader failed to load 'http://media.news.harvard.edu/gazette/wp-content/uploads/2014/10/101414_CivilDGF_005_140.jpg'
[Sat 12 27 15:19:15 2014]	security:Warning	Watchdog->_safePath@144	/fileloader/images/d726efb8ecb465dc79428512941b49a9.jpg	WARNING! Blocking attempt from 127.0.0.1 to access unsafe path '/home/fearon/kurogo-mw-1.8.3/Kurogo-Mobile-Web/www'
[Sat 12 27 15:19:15 2014]	kurogo:Warning	_404@113	/fileloader/images/d726efb8ecb465dc79428512941b49a9.jpg	URL /fileloader/images/d726efb8ecb465dc79428512941b49a9.jpg not found
[Sat 12 27 15:22:50 2014]	url_retriever:Warning	URLDataRetriever->retrieveResponse@508	/social/	Gone for https://api.twitter.com/1/statuses/user_timeline.json?screen_name=kurogofwk&trim_user=1
[Sat 12 27 16:30:57 2014]	db:Alert	db->init@70	/directory/index	Error connecting to mysql database: SQLSTATE[28000] [1045] Access denied for user 'root'@'localhost' (using password: NO)
[Sat 12 27 16:30:57 2014]	exception:Alert	db->init@71	/directory/index	A KurogoDataServerException has occured: Error connecting to database
[Sat 12 27 16:31:11 2014]	db:Alert	db->init@70	/directory/index	Error connecting to mysql database: SQLSTATE[28000] [1045] Access denied for user 'root'@'localhost' (using password: NO)
[Sat 12 27 16:31:11 2014]	exception:Alert	db->init@71	/directory/index	A KurogoDataServerException has occured: Error connecting to database
[Sat 12 27 16:33:13 2014]	url_retriever:Warning	URLDataRetriever->retrieveResponse@508	/home/pane?id=social&ajax=1	Gone for https://api.twitter.com/1/statuses/user_timeline.json?screen_name=kurogofwk&trim_user=1
[Sat 12 27 16:33:15 2014]	url_retriever:Warning	URLDataRetriever->retrieveResponse@508	/fileloader/images/d726efb8ecb465dc79428512941b49a9.jpg	Forbidden for http://media.news.harvard.edu/gazette/wp-content/uploads/2014/10/101414_CivilDGF_005_140.jpg
[Sat 12 27 16:33:15 2014]	data:Warning	FileLoader::load@74	/fileloader/images/d726efb8ecb465dc79428512941b49a9.jpg	FileLoader failed to load 'http://media.news.harvard.edu/gazette/wp-content/uploads/2014/10/101414_CivilDGF_005_140.jpg'
[Sat 12 27 16:33:15 2014]	security:Warning	Watchdog->_safePath@144	/fileloader/images/d726efb8ecb465dc79428512941b49a9.jpg	WARNING! Blocking attempt from 127.0.0.1 to access unsafe path '/home/fearon/kurogo-mw-1.8.3/Kurogo-Mobile-Web/www'
[Sat 12 27 16:33:15 2014]	kurogo:Warning	_404@113	/fileloader/images/d726efb8ecb465dc79428512941b49a9.jpg	URL /fileloader/images/d726efb8ecb465dc79428512941b49a9.jpg not found
[Sat 12 27 16:33:24 2014]	exception:Alert	include@19	/people/	A KurogoException has occured: LDAP PHP extension is not installed
[Sat 12 27 16:40:54 2014]	db:Alert	db->init@70	/directory/	Error connecting to mysql database: SQLSTATE[28000] [1045] Access denied for user 'root'@'localhost' (using password: NO)
[Sat 12 27 16:40:54 2014]	exception:Alert	db->init@71	/directory/	A KurogoDataServerException has occured: Error connecting to database
[Sat 12 27 16:41:06 2014]	db:Alert	db->init@70	/directory/index	Error connecting to mysql database: SQLSTATE[28000] [1045] Access denied for user 'root'@'localhost' (using password: NO)
[Sat 12 27 16:41:06 2014]	exception:Alert	db->init@71	/directory/index	A KurogoDataServerException has occured: Error connecting to database
[Sat 12 27 16:44:30 2014]	db:Alert	db->init@70	/directory/index	Error connecting to mysql database: SQLSTATE[28000] [1045] Access denied for user 'root'@'localhost' (using password: NO)
[Sat 12 27 16:44:30 2014]	exception:Alert	db->init@71	/directory/index	A KurogoDataServerException has occured: Error connecting to database
[Sat 12 27 16:44:31 2014]	db:Alert	db->init@70	/directory/index	Error connecting to mysql database: SQLSTATE[28000] [1045] Access denied for user 'root'@'localhost' (using password: NO)
[Sat 12 27 16:44:31 2014]	exception:Alert	db->init@71	/directory/index	A KurogoDataServerException has occured: Error connecting to database
[Sat 12 27 16:44:36 2014]	db:Alert	db->init@70	/directory/	Error connecting to mysql database: SQLSTATE[28000] [1045] Access denied for user 'root'@'localhost' (using password: NO)
[Sat 12 27 16:44:36 2014]	exception:Alert	db->init@71	/directory/	A KurogoDataServerException has occured: Error connecting to database
[Sat 12 27 16:44:59 2014]	db:Alert	db->init@70	/directory/	Error connecting to mysql database: SQLSTATE[28000] [1045] Access denied for user 'root'@'localhost' (using password: NO)
[Sat 12 27 16:44:59 2014]	exception:Alert	db->init@71	/directory/	A KurogoDataServerException has occured: Error connecting to database
[Sat 12 27 16:54:06 2014]	url_retriever:Warning	URLDataRetriever->retrieveResponse@508	/home/pane?id=social&ajax=1	Gone for https://api.twitter.com/1/statuses/user_timeline.json?screen_name=kurogofwk&trim_user=1
[Sat 12 27 16:54:08 2014]	url_retriever:Warning	URLDataRetriever->retrieveResponse@508	/home/pane?id=social&ajax=1	Gone for https://api.twitter.com/1/statuses/user_timeline.json?screen_name=kurogofwk&trim_user=1
[Sat 12 27 16:54:09 2014]	url_retriever:Warning	URLDataRetriever->retrieveResponse@508	/fileloader/images/d726efb8ecb465dc79428512941b49a9.jpg	Forbidden for http://media.news.harvard.edu/gazette/wp-content/uploads/2014/10/101414_CivilDGF_005_140.jpg
[Sat 12 27 16:54:09 2014]	data:Warning	FileLoader::load@74	/fileloader/images/d726efb8ecb465dc79428512941b49a9.jpg	FileLoader failed to load 'http://media.news.harvard.edu/gazette/wp-content/uploads/2014/10/101414_CivilDGF_005_140.jpg'
[Sat 12 27 16:54:09 2014]	security:Warning	Watchdog->_safePath@144	/fileloader/images/d726efb8ecb465dc79428512941b49a9.jpg	WARNING! Blocking attempt from 127.0.0.1 to access unsafe path '/home/fearon/kurogo-mw-1.8.3/Kurogo-Mobile-Web/www'
[Sat 12 27 16:54:09 2014]	kurogo:Warning	_404@113	/fileloader/images/d726efb8ecb465dc79428512941b49a9.jpg	URL /fileloader/images/d726efb8ecb465dc79428512941b49a9.jpg not found
[Sat 12 27 16:54:39 2014]	db:Alert	db->init@70	/directory/	Error connecting to mysql database: SQLSTATE[28000] [1045] Access denied for user 'root'@'localhost' (using password: NO)
[Sat 12 27 16:54:39 2014]	exception:Alert	db->init@71	/directory/	A KurogoDataServerException has occured: Error connecting to database
[Sat 12 27 16:56:11 2014]	db:Alert	db->init@70	/directory/index	Error connecting to mysql database: SQLSTATE[28000] [1045] Access denied for user 'root'@'localhost' (using password: NO)
[Sat 12 27 16:56:11 2014]	exception:Alert	db->init@71	/directory/index	A KurogoDataServerException has occured: Error connecting to database
[Sat 12 27 16:56:13 2014]	db:Alert	db->init@70	/directory/index	Error connecting to mysql database: SQLSTATE[28000] [1045] Access denied for user 'root'@'localhost' (using password: NO)
[Sat 12 27 16:56:13 2014]	exception:Alert	db->init@71	/directory/index	A KurogoDataServerException has occured: Error connecting to database
[Sat 12 27 17:23:02 2014]	url_retriever:Warning	URLDataRetriever->retrieveResponse@508	/home/pane?id=social&ajax=1	Gone for https://api.twitter.com/1/statuses/user_timeline.json?screen_name=kurogofwk&trim_user=1
[Sat 12 27 17:23:03 2014]	url_retriever:Warning	URLDataRetriever->retrieveResponse@508	/fileloader/images/d726efb8ecb465dc79428512941b49a9.jpg	Forbidden for http://media.news.harvard.edu/gazette/wp-content/uploads/2014/10/101414_CivilDGF_005_140.jpg
[Sat 12 27 17:23:03 2014]	data:Warning	FileLoader::load@74	/fileloader/images/d726efb8ecb465dc79428512941b49a9.jpg	FileLoader failed to load 'http://media.news.harvard.edu/gazette/wp-content/uploads/2014/10/101414_CivilDGF_005_140.jpg'
[Sat 12 27 17:23:03 2014]	security:Warning	Watchdog->_safePath@144	/fileloader/images/d726efb8ecb465dc79428512941b49a9.jpg	WARNING! Blocking attempt from 127.0.0.1 to access unsafe path '/home/fearon/kurogo-mw-1.8.3/Kurogo-Mobile-Web/www'
[Sat 12 27 17:23:03 2014]	kurogo:Warning	_404@113	/fileloader/images/d726efb8ecb465dc79428512941b49a9.jpg	URL /fileloader/images/d726efb8ecb465dc79428512941b49a9.jpg not found
[Sat 12 27 17:23:07 2014]	db:Alert	db->init@70	/directory/	Error connecting to mysql database: SQLSTATE[42000] [1049] Unknown database 'mmbs'
[Sat 12 27 17:23:07 2014]	exception:Alert	db->init@71	/directory/	A KurogoDataServerException has occured: Error connecting to database
[Sat 12 27 17:37:52 2014]	exception:Alert	Module::factory@130	/phpmyadmin/	A KurogoModuleNotFound has occured: Module phpmyadmin not found
[Sat 12 27 17:39:45 2014]	url_retriever:Warning	URLDataRetriever->retrieveResponse@508	/home/pane?id=social&ajax=1	Gone for https://api.twitter.com/1/statuses/user_timeline.json?screen_name=kurogofwk&trim_user=1
[Sat 12 27 17:39:51 2014]	url_retriever:Warning	URLDataRetriever->retrieveResponse@508	/fileloader/images/d726efb8ecb465dc79428512941b49a9.jpg	Forbidden for http://media.news.harvard.edu/gazette/wp-content/uploads/2014/10/101414_CivilDGF_005_140.jpg
[Sat 12 27 17:39:51 2014]	data:Warning	FileLoader::load@74	/fileloader/images/d726efb8ecb465dc79428512941b49a9.jpg	FileLoader failed to load 'http://media.news.harvard.edu/gazette/wp-content/uploads/2014/10/101414_CivilDGF_005_140.jpg'
[Sat 12 27 17:39:51 2014]	security:Warning	Watchdog->_safePath@144	/fileloader/images/d726efb8ecb465dc79428512941b49a9.jpg	WARNING! Blocking attempt from 127.0.0.1 to access unsafe path '/home/fearon/kurogo-mw-1.8.3/Kurogo-Mobile-Web/www'
[Sat 12 27 17:39:51 2014]	kurogo:Warning	_404@113	/fileloader/images/d726efb8ecb465dc79428512941b49a9.jpg	URL /fileloader/images/d726efb8ecb465dc79428512941b49a9.jpg not found
[Sat 12 27 17:39:51 2014]	db:Warning	db->errorHandler@160	/directory/	mysql error with SELECT * FROM directory: Table 'mmbs.directory' doesn't exist
[Sat 12 27 17:39:51 2014]	exception:Alert	db->errorHandler@146	/directory/	A KurogoDataException has occured: Error with SELECT * FROM directory: Table 'mmbs.directory' doesn't exist
[Sat 12 27 17:59:27 2014]	url_retriever:Warning	URLDataRetriever->retrieveResponse@508	/home/pane?id=social&ajax=1	Gone for https://api.twitter.com/1/statuses/user_timeline.json?screen_name=kurogofwk&trim_user=1
[Sat 12 27 22:45:51 2014]	exception:Alert	WebModule->setPage@1576	/directory/%3Cbr%20/%3E%3Cb%3EWarning%3C/b%3E:%20%20Illegal%20string%20offset%20%27img%27%20in%20%3Cb%3E/home/fearon/kurogo-mw-1.8.3/sites/MMBS/cache/smarty/templates/tablet_computer_unknown%5E37c57ab8c133702532ca3c38b3610bed894f43c8.findInclude.listItem.tpl.php%3C/b%3E%20on%20line%20%3Cb%3E45%3C/b%3E%3Cbr%20/%3ED	A KurogoPageNotFoundException has occured: Invalid Page Name
[Sat 12 27 22:45:51 2014]	exception:Alert	WebModule->setPage@1576	/directory/%3Cbr%20/%3E%3Cb%3EWarning%3C/b%3E:%20%20Illegal%20string%20offset%20%27img%27%20in%20%3Cb%3E/home/fearon/kurogo-mw-1.8.3/sites/MMBS/cache/smarty/templates/tablet_computer_unknown%5E37c57ab8c133702532ca3c38b3610bed894f43c8.findInclude.listItem.tpl.php%3C/b%3E%20on%20line%20%3Cb%3E45%3C/b%3E%3Cbr%20/%3EM	A KurogoPageNotFoundException has occured: Invalid Page Name
[Mon 12 29 16:10:41 2014]	url_retriever:Warning	URLDataRetriever->retrieveResponse@508	/home/pane?id=social&ajax=1	Gone for https://api.twitter.com/1/statuses/user_timeline.json?screen_name=kurogofwk&trim_user=1
[Mon 12 29 16:10:44 2014]	url_retriever:Warning	URLDataRetriever->retrieveResponse@508	/fileloader/images/d726efb8ecb465dc79428512941b49a9.jpg	Forbidden for http://media.news.harvard.edu/gazette/wp-content/uploads/2014/10/101414_CivilDGF_005_140.jpg
[Mon 12 29 16:10:44 2014]	data:Warning	FileLoader::load@74	/fileloader/images/d726efb8ecb465dc79428512941b49a9.jpg	FileLoader failed to load 'http://media.news.harvard.edu/gazette/wp-content/uploads/2014/10/101414_CivilDGF_005_140.jpg'
[Mon 12 29 16:10:44 2014]	security:Warning	Watchdog->_safePath@144	/fileloader/images/d726efb8ecb465dc79428512941b49a9.jpg	WARNING! Blocking attempt from 127.0.0.1 to access unsafe path '/home/fearon/kurogo-mw-1.8.3/Kurogo-Mobile-Web/www'
[Mon 12 29 16:10:44 2014]	kurogo:Warning	_404@113	/fileloader/images/d726efb8ecb465dc79428512941b49a9.jpg	URL /fileloader/images/d726efb8ecb465dc79428512941b49a9.jpg not found
[Mon 12 29 16:12:39 2014]	url_retriever:Warning	URLDataRetriever->retrieveResponse@508	/fileloader/images/d726efb8ecb465dc79428512941b49a9.jpg	Forbidden for http://media.news.harvard.edu/gazette/wp-content/uploads/2014/10/101414_CivilDGF_005_140.jpg
[Mon 12 29 16:12:39 2014]	data:Warning	FileLoader::load@74	/fileloader/images/d726efb8ecb465dc79428512941b49a9.jpg	FileLoader failed to load 'http://media.news.harvard.edu/gazette/wp-content/uploads/2014/10/101414_CivilDGF_005_140.jpg'
[Mon 12 29 16:12:39 2014]	security:Warning	Watchdog->_safePath@144	/fileloader/images/d726efb8ecb465dc79428512941b49a9.jpg	WARNING! Blocking attempt from 127.0.0.1 to access unsafe path '/home/fearon/kurogo-mw-1.8.3/Kurogo-Mobile-Web/www'
[Mon 12 29 16:12:39 2014]	kurogo:Warning	_404@113	/fileloader/images/d726efb8ecb465dc79428512941b49a9.jpg	URL /fileloader/images/d726efb8ecb465dc79428512941b49a9.jpg not found
[Mon 12 29 16:49:27 2014]	exception:Alert	include@19	/people/	A KurogoException has occured: LDAP PHP extension is not installed
[Mon 12 29 16:49:37 2014]	url_retriever:Warning	URLDataRetriever->retrieveResponse@508	/home/pane?id=social&ajax=1	Gone for https://api.twitter.com/1/statuses/user_timeline.json?screen_name=kurogofwk&trim_user=1
[Mon 12 29 16:49:39 2014]	url_retriever:Warning	URLDataRetriever->retrieveResponse@508	/fileloader/images/d726efb8ecb465dc79428512941b49a9.jpg	Forbidden for http://media.news.harvard.edu/gazette/wp-content/uploads/2014/10/101414_CivilDGF_005_140.jpg
[Mon 12 29 16:49:39 2014]	data:Warning	FileLoader::load@74	/fileloader/images/d726efb8ecb465dc79428512941b49a9.jpg	FileLoader failed to load 'http://media.news.harvard.edu/gazette/wp-content/uploads/2014/10/101414_CivilDGF_005_140.jpg'
[Mon 12 29 16:49:39 2014]	security:Warning	Watchdog->_safePath@144	/fileloader/images/d726efb8ecb465dc79428512941b49a9.jpg	WARNING! Blocking attempt from 127.0.0.1 to access unsafe path '/home/fearon/kurogo-mw-1.8.3/Kurogo-Mobile-Web/www'
[Mon 12 29 16:49:39 2014]	kurogo:Warning	_404@113	/fileloader/images/d726efb8ecb465dc79428512941b49a9.jpg	URL /fileloader/images/d726efb8ecb465dc79428512941b49a9.jpg not found
[Mon 12 29 23:06:36 2014]	url_retriever:Warning	URLDataRetriever->retrieveResponse@508	/fileloader/images/d726efb8ecb465dc79428512941b49a9.jpg	Forbidden for http://media.news.harvard.edu/gazette/wp-content/uploads/2014/10/101414_CivilDGF_005_140.jpg
[Mon 12 29 23:06:36 2014]	data:Warning	FileLoader::load@74	/fileloader/images/d726efb8ecb465dc79428512941b49a9.jpg	FileLoader failed to load 'http://media.news.harvard.edu/gazette/wp-content/uploads/2014/10/101414_CivilDGF_005_140.jpg'
[Mon 12 29 23:06:36 2014]	security:Warning	Watchdog->_safePath@144	/fileloader/images/d726efb8ecb465dc79428512941b49a9.jpg	WARNING! Blocking attempt from 127.0.0.1 to access unsafe path '/home/fearon/kurogo-mw-1.8.3/Kurogo-Mobile-Web/www'
[Mon 12 29 23:06:36 2014]	kurogo:Warning	_404@113	/fileloader/images/d726efb8ecb465dc79428512941b49a9.jpg	URL /fileloader/images/d726efb8ecb465dc79428512941b49a9.jpg not found
[Mon 12 29 23:25:32 2014]	exception:Alert	Module::factory@130	/direcctory/	A KurogoModuleNotFound has occured: Module direcctory not found
[Mon 12 29 23:26:26 2014]	url_retriever:Warning	URLDataRetriever->retrieveResponse@508	/home/pane?id=social&ajax=1	Gone for https://api.twitter.com/1/statuses/user_timeline.json?screen_name=kurogofwk&trim_user=1
[Mon 12 29 23:26:27 2014]	url_retriever:Warning	URLDataRetriever->retrieveResponse@508	/fileloader/images/d726efb8ecb465dc79428512941b49a9.jpg	Forbidden for http://media.news.harvard.edu/gazette/wp-content/uploads/2014/10/101414_CivilDGF_005_140.jpg
[Mon 12 29 23:26:27 2014]	data:Warning	FileLoader::load@74	/fileloader/images/d726efb8ecb465dc79428512941b49a9.jpg	FileLoader failed to load 'http://media.news.harvard.edu/gazette/wp-content/uploads/2014/10/101414_CivilDGF_005_140.jpg'
[Mon 12 29 23:26:27 2014]	security:Warning	Watchdog->_safePath@144	/fileloader/images/d726efb8ecb465dc79428512941b49a9.jpg	WARNING! Blocking attempt from 127.0.0.1 to access unsafe path '/home/fearon/kurogo-mw-1.8.3/Kurogo-Mobile-Web/www'
[Mon 12 29 23:26:27 2014]	kurogo:Warning	_404@113	/fileloader/images/d726efb8ecb465dc79428512941b49a9.jpg	URL /fileloader/images/d726efb8ecb465dc79428512941b49a9.jpg not found
[Mon 12 29 23:31:33 2014]	url_retriever:Warning	URLDataRetriever->retrieveResponse@508	/home/pane?id=social&ajax=1	Gone for https://api.twitter.com/1/statuses/user_timeline.json?screen_name=kurogofwk&trim_user=1
[Mon 12 29 23:31:33 2014]	url_retriever:Warning	URLDataRetriever->retrieveResponse@508	/fileloader/images/d726efb8ecb465dc79428512941b49a9.jpg	Forbidden for http://media.news.harvard.edu/gazette/wp-content/uploads/2014/10/101414_CivilDGF_005_140.jpg
[Mon 12 29 23:31:33 2014]	data:Warning	FileLoader::load@74	/fileloader/images/d726efb8ecb465dc79428512941b49a9.jpg	FileLoader failed to load 'http://media.news.harvard.edu/gazette/wp-content/uploads/2014/10/101414_CivilDGF_005_140.jpg'
[Mon 12 29 23:31:33 2014]	security:Warning	Watchdog->_safePath@144	/fileloader/images/d726efb8ecb465dc79428512941b49a9.jpg	WARNING! Blocking attempt from 127.0.0.1 to access unsafe path '/home/fearon/kurogo-mw-1.8.3/Kurogo-Mobile-Web/www'
[Mon 12 29 23:31:33 2014]	kurogo:Warning	_404@113	/fileloader/images/d726efb8ecb465dc79428512941b49a9.jpg	URL /fileloader/images/d726efb8ecb465dc79428512941b49a9.jpg not found
[Mon 12 29 23:32:13 2014]	url_retriever:Warning	URLDataRetriever->retrieveResponse@508	/fileloader/images/d726efb8ecb465dc79428512941b49a9.jpg	Forbidden for http://media.news.harvard.edu/gazette/wp-content/uploads/2014/10/101414_CivilDGF_005_140.jpg
[Mon 12 29 23:32:13 2014]	data:Warning	FileLoader::load@74	/fileloader/images/d726efb8ecb465dc79428512941b49a9.jpg	FileLoader failed to load 'http://media.news.harvard.edu/gazette/wp-content/uploads/2014/10/101414_CivilDGF_005_140.jpg'
[Mon 12 29 23:32:13 2014]	security:Warning	Watchdog->_safePath@144	/fileloader/images/d726efb8ecb465dc79428512941b49a9.jpg	WARNING! Blocking attempt from 127.0.0.1 to access unsafe path '/home/fearon/kurogo-mw-1.8.3/Kurogo-Mobile-Web/www'
[Mon 12 29 23:32:13 2014]	kurogo:Warning	_404@113	/fileloader/images/d726efb8ecb465dc79428512941b49a9.jpg	URL /fileloader/images/d726efb8ecb465dc79428512941b49a9.jpg not found
[Mon 12 29 23:32:13 2014]	url_retriever:Warning	URLDataRetriever->retrieveResponse@508	/home/pane?id=social&ajax=1	Gone for https://api.twitter.com/1/statuses/user_timeline.json?screen_name=kurogofwk&trim_user=1
[Mon 12 29 23:32:14 2014]	url_retriever:Warning	URLDataRetriever->retrieveResponse@508	/fileloader/images/d726efb8ecb465dc79428512941b49a9.jpg	Forbidden for http://media.news.harvard.edu/gazette/wp-content/uploads/2014/10/101414_CivilDGF_005_140.jpg
[Mon 12 29 23:32:14 2014]	data:Warning	FileLoader::load@74	/fileloader/images/d726efb8ecb465dc79428512941b49a9.jpg	FileLoader failed to load 'http://media.news.harvard.edu/gazette/wp-content/uploads/2014/10/101414_CivilDGF_005_140.jpg'
[Mon 12 29 23:32:14 2014]	security:Warning	Watchdog->_safePath@144	/fileloader/images/d726efb8ecb465dc79428512941b49a9.jpg	WARNING! Blocking attempt from 127.0.0.1 to access unsafe path '/home/fearon/kurogo-mw-1.8.3/Kurogo-Mobile-Web/www'
[Mon 12 29 23:32:14 2014]	kurogo:Warning	_404@113	/fileloader/images/d726efb8ecb465dc79428512941b49a9.jpg	URL /fileloader/images/d726efb8ecb465dc79428512941b49a9.jpg not found
